4926
0 0 0 7
0 8 0 17
0 18 0 25
0 26 1 29
0 30 1 34
0 35 0 44
0 45 0 55
0 56 0 66
0 67 0 76
0 77 0 86
0 87 0 96
0 97 0 107
0 108 0 116
0 117 0 126
0 127 0 135
0 136 0 143
0 144 0 151
0 152 0 163
0 164 0 171
0 172 0 181
0 182 1 186
0 187 0 198
0 199 0 206
0 207 0 215
0 216 1 219
0 220 0 231
0 232 0 240
0 241 0 249
1 0 1 9
1 10 1 21
1 22 3 25
1 35 1 42
1 43 1 50
1 51 1 61
1 62 1 69
1 71 2 76
1 77 1 88
1 89 1 98
1 99 1 107
1 108 1 115
1 116 1 125
1 126 2 130
1 131 1 141
1 142 1 153
1 154 1 163
1 164 2 168
1 169 1 178
1 179 4 180
1 181 8 181
1 187 2 191
1 192 4 194
1 195 6 196
1 197 6 198
1 199 1 209
1 210 2 213
1 214 6 215
1 220 1 227
1 228 1 236
1 237 1 245
1 246 3 249
2 0 3 3
2 4 2 15
2 16 3 20
2 21 9 21
2 26 2 34
2 35 2 43
2 44 2 52
2 53 2 61
2 62 3 66
2 68 7 69
2 77 2 84
2 85 2 95
2 96 2 103
2 104 2 111
2 112 2 119
2 120 3 124
2 125 12 125
2 131 2 141
2 142 2 149
2 150 2 160
2 161 4 163
2 169 2 178
2 182 3 186
2 199 2 208
2 209 13 209
2 216 2 224
2 225 2 233
2 234 2 241
2 242 4 245
3 4 3 13
3 14 7 15
3 26 3 34
3 35 3 46
3 47 3 55
3 56 4 59
3 60 7 61
3 67 14 67
3 70 3 81
3 82 3 89
3 90 3 101
3 102 3 111
3 112 3 119
3 126 3 135
3 136 4 140
3 141 3 150
3 151 3 160
3 164 4 168
3 169 4 172
3 173 4 177
3 178 13 178
3 187 6 189
3 190 7 191
3 199 4 204
3 205 5 207
3 208 10 208
3 210 5 213
3 216 3 224
3 225 3 235
3 236 6 238
3 239 8 240
3 241 12 241
4 0 4 8
4 9 5 13
4 16 6 18
4 19 12 19
4 20 15 20
4 22 4 32
4 33 4 42
4 43 4 53
4 54 8 55
4 62 6 65
4 66 12 66
4 70 4 80
4 81 12 81
4 82 7 84
4 85 4 95
4 96 5 100
4 101 4 111
4 112 5 115
4 116 5 120
4 121 5 124
4 126 4 134
4 135 12 135
4 141 4 151
4 152 5 156
4 157 6 159
4 160 15 160
4 182 5 186
4 216 4 223
4 224 8 225
4 226 9 227
4 228 7 229
4 230 5 235
4 246 6 248
4 249 12 249
5 0 6 5
5 6 7 8
5 22 5 32
5 33 5 41
5 42 6 47
5 48 8 50
5 51 7 53
5 56 7 58
5 59 13 59
5 70 5 78
5 79 9 80
5 85 5 94
5 95 14 95
5 101 8 102
5 103 10 104
5 105 6 109
5 110 16 110
5 111 16 111
5 126 5 134
5 136 5 144
5 145 6 149
5 150 9 151
5 161 5 170
5 171 6 175
5 176 10 177
5 179 8 180
5 192 8 194
5 199 6 203
5 204 13 204
5 217 6 222
5 242 7 245
6 9 9 10
6 11 11 12
6 13 15 13
6 22 6 31
6 32 6 40
6 41 14 41
6 71 8 74
6 75 8 77
6 85 6 92
6 93 10 94
6 96 8 99
6 112 6 120
6 121 7 124
6 126 6 133
6 134 13 134
6 136 8 138
6 139 15 139
6 140 8 143
6 144 13 144
6 152 7 155
6 161 6 169
6 170 16 170
6 182 7 186
6 205 8 207
6 210 8 212
6 230 7 234
6 235 15 235
7 0 8 5
7 16 9 18
7 22 7 30
7 31 7 38
7 39 10 40
7 42 9 45
7 46 12 47
7 62 9 64
7 65 14 65
7 70 18 70
7 85 8 89
7 90 10 92
7 105 9 108
7 109 17 109
7 112 8 116
7 117 9 120
7 126 7 133
7 145 12 146
7 147 10 149
7 156 9 159
7 161 7 169
7 171 8 175
7 187 9 189
7 195 8 199
7 200 9 202
7 203 17 203
7 213 7 220
7 221 9 223
7 236 10 238
7 246 9 248
8 6 12 7
8 14 11 15
8 22 8 31
8 32 9 37
8 38 18 38
8 51 10 53
8 56 11 58
8 60 12 61
8 68 12 69
8 82 10 84
8 121 10 124
8 126 8 133
8 152 11 153
8 154 13 155
8 161 8 169
8 182 9 185
8 186 17 186
8 190 12 191
8 213 8 220
8 228 9 233
8 234 19 234
8 242 9 245
9 0 10 5
9 22 9 29
9 30 14 31
9 48 11 50
9 54 13 55
9 71 10 75
9 76 11 78
9 85 10 88
9 89 17 89
9 96 10 101
9 102 17 102
9 112 10 116
9 126 10 131
9 132 17 132
9 136 11 138
9 140 11 142
9 143 16 143
9 161 9 168
9 169 16 169
9 171 10 175
9 180 13 181
9 192 9 199
9 205 11 207
9 210 9 217
9 218 12 219
9 220 19 220
9 224 13 225
9 239 12 240
10 8 12 10
10 16 15 17
10 21 11 26
10 27 12 29
10 32 11 35
10 36 20 36
10 42 13 44
10 45 17 45
10 62 12 64
10 79 14 80
10 105 12 108
10 117 13 119
10 150 14 151
10 156 12 159
10 161 11 166
10 167 14 168
10 179 21 179
10 182 12 185
10 187 12 189
10 192 10 202
10 210 12 212
10 213 11 217
10 221 12 223
10 226 10 233
10 242 11 246
10 247 14 248
11 0 12 4
11 5 22 5
11 18 22 18
11 37 22 37
11 39 16 40
11 51 14 53
11 71 12 74
11 82 12 87
11 88 19 88
11 90 12 94
11 96 12 100
11 101 19 101
11 104 20 104
11 112 16 113
11 114 14 116
11 120 12 124
11 126 13 128
11 130 16 131
11 147 13 149
11 171 12 175
11 176 14 177
11 192 11 199
11 200 14 202
11 208 20 208
11 226 12 230
11 231 14 233
11 236 13 238
12 11 17 12
12 14 15 15
12 21 14 24
12 25 16 26
12 32 14 34
12 35 21 35
12 48 15 49
12 50 19 50
12 56 15 57
12 58 19 58
12 75 14 77
12 136 14 138
12 140 15 142
12 152 19 152
12 153 21 153
12 161 13 165
12 166 23 166
12 192 13 195
12 196 14 199
12 205 15 207
12 213 13 217
12 242 14 245
12 246 22 246
13 0 14 4
13 6 14 9
13 10 22 10
13 19 22 19
13 27 18 28
13 46 17 47
13 60 14 64
13 66 20 66
13 68 17 69
13 71 15 74
13 81 17 82
13 83 14 87
13 90 14 94
13 96 16 98
13 99 16 100
13 103 24 103
13 105 15 107
13 108 23 108
13 120 14 125
13 133 24 133
13 135 21 135
13 145 17 146
13 156 15 158
13 159 23 159
13 171 15 174
13 175 22 175
13 182 15 185
13 187 14 191
13 210 16 212
13 218 18 219
13 221 16 223
13 227 15 230
13 239 15 241
13 249 20 249
14 42 16 44
14 54 18 55
14 59 21 59
14 117 16 119
14 126 15 129
14 144 23 144
14 147 17 149
14 154 18 155
14 161 16 163
14 164 18 165
14 178 22 178
14 180 17 181
14 192 16 195
14 204 22 204
14 213 16 216
14 217 22 217
14 224 16 226
14 236 17 238
15 0 16 3
15 4 24 4
15 6 17 9
15 21 16 24
15 29 16 32
15 33 18 34
15 41 22 41
15 51 18 53
15 60 16 64
15 65 23 65
15 67 24 67
15 75 18 77
15 78 26 78
15 79 19 80
15 83 20 84
15 85 18 86
15 87 25 87
15 90 16 95
15 114 17 116
15 120 16 124
15 125 22 125
15 136 20 137
15 138 24 138
15 150 20 151
15 168 24 168
15 176 19 177
15 187 16 190
15 191 22 191
15 196 16 199
15 200 17 202
15 232 19 233
15 242 18 244
15 245 24 245
15 247 18 248
16 13 18 15
16 16 20 17
16 20 24 20
16 48 21 49
16 56 20 57
16 71 18 74
16 105 19 107
16 126 19 128
16 129 26 129
16 139 18 141
16 156 18 158
16 160 25 160
16 167 27 167
16 171 18 174
16 182 18 185
16 205 18 207
16 227 18 229
16 230 23 230
16 235 26 235
16 239 19 240
16 241 25 241
17 0 18 3
17 21 18 25
17 26 26 26
17 29 18 32
17 39 20 40
17 42 19 44
17 60 19 62
17 63 20 64
17 90 17 97
17 98 22 99
17 100 24 100
17 110 19 113
17 117 18 120
17 121 19 123
17 124 26 124
17 130 21 131
17 143 24 143
17 161 19 163
17 169 20 170
17 187 18 190
17 192 19 195
17 196 19 198
17 199 25 199
17 209 18 212
17 213 18 216
17 221 18 225
18 6 19 9
18 11 22 12
18 45 20 47
18 81 22 82
18 89 19 92
18 93 23 94
18 95 26 95
18 96 22 97
18 102 28 102
18 109 25 109
18 114 21 115
18 132 26 132
18 142 29 142
18 145 19 149
18 180 22 181
18 200 20 202
18 203 25 203
18 236 21 238
19 0 20 3
19 13 27 13
19 21 20 25
19 27 19 34
19 38 26 38
19 51 20 54
19 68 19 75
19 76 23 77
19 85 22 86
19 116 22 118
19 119 23 120
19 139 22 141
19 154 20 158
19 164 23 165
19 171 23 172
19 173 23 174
19 182 19 189
19 205 22 207
19 209 20 213
19 214 21 216
19 218 26 218
19 221 20 226
19 227 22 228
19 229 29 229
19 242 21 244
19 247 23 248
20 6 22 9
20 14 25 15
20 27 21 30
20 31 22 33
20 34 27 34
20 42 22 44
20 58 27 58
20 60 23 62
20 68 21 72
20 73 25 74
20 75 28 75
20 79 24 80
20 88 21 92
20 101 27 101
20 105 23 107
20 110 21 113
20 121 23 123
20 127 25 128
20 145 22 147
20 148 24 149
20 152 31 152
20 161 22 163
20 176 30 176
20 177 30 177
20 182 21 187
20 188 22 190
20 192 24 193
20 194 28 194
20 195 22 198
20 219 24 220
20 231 22 233
20 234 27 234
20 239 24 240
21 0 22 3
21 16 25 17
21 21 22 25
21 36 28 36
21 39 25 40
21 45 30 45
21 46 31 46
21 47 30 47
21 50 22 55
21 56 25 57
21 63 25 64
21 66 30 66
21 84 30 84
21 104 28 104
21 126 32 126
21 136 25 137
21 150 24 151
21 154 22 158
21 169 26 170
21 200 24 202
21 208 22 212
21 213 29 213
21 221 22 224
21 225 26 226
21 249 31 249
22 27 26 28
22 30 30 30
22 48 25 49
22 59 30 59
22 68 23 71
22 72 32 72
22 88 24 91
22 92 30 92
22 110 23 115
22 130 27 131
22 134 27 135
22 153 32 153
22 179 32 179
22 182 23 185
22 186 25 187
22 214 24 216
22 236 24 238
22 242 24 244
23 0 28 1
23 3 33 3
23 5 24 10
23 11 28 12
23 18 26 19
23 21 25 24
23 25 32 25
23 31 26 33
23 37 30 37
23 41 25 43
23 44 33 44
23 50 24 54
23 81 25 83
23 85 26 86
23 96 25 99
23 117 27 118
23 125 32 125
23 139 25 141
23 145 25 147
23 154 32 154
23 155 26 157
23 161 25 163
23 178 30 178
23 180 27 181
23 188 25 191
23 195 26 196
23 197 31 197
23 204 23 211
23 212 30 212
23 217 31 217
23 221 24 224
23 227 28 228
23 231 26 233
23 246 32 246
24 55 35 55
24 60 26 62
24 65 33 65
24 68 25 71
24 76 28 77
24 93 27 94
24 105 26 107
24 108 35 108
24 110 25 115
24 116 35 116
24 119 28 120
24 121 34 121
24 122 28 123
24 144 34 144
24 158 28 159
24 164 26 166
24 171 25 175
24 182 25 185
24 198 35 198
24 204 25 207
24 208 26 210
24 211 33 211
24 230 32 230
24 247 27 248
25 4 26 8
25 9 29 10
25 20 33 20
25 50 26 54
25 79 29 80
25 88 28 90
25 91 33 91
25 100 32 100
25 103 34 103
25 133 35 133
25 138 33 138
25 148 26 151
25 168 33 168
25 192 28 193
25 200 28 201
25 202 33 202
25 214 27 216
25 219 26 222
25 223 29 224
25 236 28 238
25 239 33 239
25 242 26 245
26 2 37 2
26 14 28 16
26 17 37 17
26 21 27 24
26 39 27 42
26 43 35 43
26 48 31 49
26 56 30 57
26 63 31 64
26 67 28 70
26 71 33 71
26 74 37 74
26 82 30 83
26 87 35 87
26 96 29 98
26 109 31 110
26 111 31 112
26 113 28 115
26 127 30 128
26 136 31 137
26 139 28 141
26 145 29 147
26 160 28 162
26 163 34 163
26 171 28 173
26 174 29 175
26 182 27 186
26 187 27 190
26 191 36 191
26 203 31 204
26 205 28 207
26 240 37 240
26 241 35 241
27 4 28 7
27 8 38 8
27 18 35 18
27 19 37 19
27 26 28 29
27 31 29 33
27 38 34 38
27 50 28 53
27 54 35 54
27 60 37 60
27 61 31 62
27 73 38 73
27 78 34 78
27 85 32 86
27 95 34 95
27 105 29 107
27 124 38 124
27 148 30 150
27 151 38 151
27 155 30 156
27 157 36 157
27 164 29 166
27 169 31 170
27 195 38 195
27 196 38 196
27 208 29 210
27 218 29 220
27 221 35 221
27 222 38 222
27 225 31 226
27 231 29 233
27 235 38 235
27 242 29 244
27 245 35 245
28 21 29 24
28 34 36 34
28 39 30 41
28 42 36 42
28 58 39 58
28 93 32 94
28 99 39 99
28 101 35 101
28 117 31 118
28 129 33 130
28 131 33 132
28 134 33 135
28 143 39 143
28 167 35 167
28 180 28 189
28 190 36 190
28 214 30 216
28 234 35 234
28 247 39 247
28 248 38 248
29 0 34 1
29 4 30 7
29 11 30 16
29 26 30 29
29 35 33 36
29 50 31 52
29 67 30 70
29 75 32 76
29 77 37 77
29 88 31 90
29 102 37 102
29 104 38 104
29 113 32 115
29 119 34 120
29 122 32 123
29 139 32 140
29 141 36 141
29 158 31 160
29 161 33 162
29 171 31 173
29 180 31 183
29 184 30 187
29 188 32 189
29 192 31 194
29 199 31 201
29 205 31 207
29 227 32 228
29 236 31 238
30 9 35 10
30 21 31 24
30 31 32 33
30 79 32 81
30 96 33 98
30 106 35 107
30 142 37 142
30 145 32 147
30 164 33 166
30 174 37 174
30 208 32 210
30 213 41 213
30 218 32 220
30 223 35 224
30 229 38 229
30 231 32 233
30 242 33 244
31 4 36 5
31 6 40 6
31 7 39 7
31 11 32 15
31 16 41 16
31 26 33 29
31 30 38 30
31 37 40 37
31 39 33 41
31 47 39 47
31 56 35 57
31 59 40 59
31 66 32 70
31 82 34 84
31 92 38 92
31 105 42 105
31 127 34 128
31 148 33 150
31 155 34 156
31 175 33 178
31 184 32 187
31 214 33 216
32 21 34 23
32 24 41 24
32 48 33 51
32 52 41 52
32 61 33 64
32 88 35 89
32 109 34 112
32 117 37 118
32 136 36 137
32 152 40 152
32 158 34 160
32 169 33 173
32 180 34 183
32 192 34 194
32 197 39 197
32 199 34 201
32 203 34 205
32 206 36 207
32 217 42 217
32 225 35 226
32 236 34 238
32 249 40 249
33 11 34 14
33 15 43 15
33 25 40 25
33 31 35 33
33 53 44 53
33 66 35 69
33 72 41 72
33 75 36 76
33 79 35 81
33 85 37 86
33 93 37 94
33 100 43 100
33 114 37 115
33 122 36 123
33 125 37 126
33 139 37 140
33 145 35 147
33 154 40 154
33 179 42 179
33 184 34 189
33 208 41 208
33 209 40 209
33 210 43 210
33 212 44 212
33 218 35 220
33 227 38 228
33 230 35 233
33 246 41 246
34 3 44 3
34 20 42 20
34 26 35 29
34 35 39 36
34 39 36 41
34 44 41 44
34 48 36 50
34 51 44 51
34 61 35 64
34 65 41 65
34 70 45 70
34 71 45 71
34 90 38 91
34 97 42 97
34 98 41 98
34 129 36 132
34 134 38 135
34 138 43 138
34 148 37 150
34 161 39 162
34 164 36 166
34 168 35 171
34 172 39 173
34 175 38 176
34 177 38 178
34 202 45 202
34 211 44 211
34 214 36 216
34 239 41 239
34 242 36 244
35 0 39 1
35 11 38 13
35 14 42 14
35 21 39 22
35 23 46 23
35 38 42 38
35 78 43 78
35 82 40 83
35 84 46 84
35 95 44 95
35 103 44 103
35 109 36 113
35 119 37 121
35 127 39 128
35 144 42 144
35 155 38 156
35 158 39 159
35 160 45 160
35 163 43 163
35 180 37 182
35 183 37 186
35 187 37 189
35 192 40 193
35 194 43 194
35 199 38 201
35 203 37 205
35 236 38 237
35 238 44 238
36 9 39 10
36 18 45 18
36 26 37 29
36 31 39 32
36 33 44 33
36 43 44 43
36 45 41 46
36 54 37 57
36 61 38 64
36 66 38 68
36 69 45 69
36 79 38 81
36 87 38 89
36 101 43 101
36 106 38 108
36 116 45 116
36 133 43 133
36 145 39 146
36 147 44 147
36 167 37 170
36 171 43 171
36 198 43 198
36 218 38 221
36 223 40 224
36 225 40 226
36 230 38 232
36 233 40 234
36 241 43 241
36 245 47 245
37 4 41 5
37 34 44 34
37 39 38 42
37 48 39 50
37 75 42 76
37 109 39 112
37 113 48 113
37 122 41 123
37 129 39 132
37 136 42 137
37 141 48 141
37 157 45 157
37 164 40 166
37 190 47 190
37 191 45 191
37 206 41 207
37 214 39 216
37 242 39 244
38 2 46 2
38 17 45 17
38 26 40 28
38 29 45 29
38 54 41 55
38 57 47 57
38 60 45 60
38 74 47 74
38 77 46 77
38 85 43 86
38 93 42 94
38 102 45 102
38 114 46 114
38 115 46 115
38 117 39 121
38 125 42 126
38 139 43 140
38 142 47 142
38 148 40 150
38 167 40 170
38 180 38 189
38 203 40 205
38 240 47 240
39 8 47 8
39 11 41 13
39 30 50 30
39 39 47 39
39 40 49 40
39 41 44 42
39 61 41 64
39 66 42 68
39 73 50 73
39 79 41 81
39 87 40 91
39 92 46 92
39 96 50 96
39 104 48 104
39 106 42 108
39 124 46 124
39 134 42 135
39 151 48 151
39 153 50 153
39 155 43 156
39 174 41 176
39 177 48 177
39 178 50 178
39 180 40 184
39 185 41 187
39 188 49 188
39 189 50 189
39 195 44 196
39 199 42 200
39 201 47 201
39 218 40 221
39 222 46 222
39 227 40 231
39 232 48 232
39 235 41 237
39 248 48 248
40 1 48 1
40 7 49 7
40 9 43 10
40 21 43 22
40 31 44 32
40 35 44 36
40 47 48 47
40 48 51 48
40 49 45 50
40 58 49 58
40 99 49 99
40 109 42 112
40 117 42 120
40 121 50 121
40 127 41 131
40 145 44 146
40 158 48 158
40 159 51 159
40 161 48 161
40 162 49 162
40 172 45 173
40 197 49 197
40 214 42 216
40 242 43 243
40 247 50 247
41 6 48 6
41 25 43 28
41 37 48 37
41 59 48 59
41 82 49 82
41 83 51 83
41 87 42 91
41 148 49 148
41 150 50 150
41 152 49 152
41 154 52 154
41 164 43 166
41 167 43 170
41 180 45 181
41 182 52 182
41 183 46 184
41 192 46 193
41 203 44 205
41 209 52 209
41 218 43 220
41 221 52 221
41 223 41 231
41 233 44 234
41 244 52 244
42 0 53 0
42 4 46 5
42 11 44 13
42 16 49 16
42 24 50 24
42 44 47 45
42 46 52 46
42 52 49 52
42 54 44 56
42 61 43 65
42 72 51 72
42 79 44 81
42 98 51 98
42 122 46 123
42 127 43 131
42 149 53 149
42 174 44 176
42 185 45 187
42 206 45 208
42 213 52 213
42 223 42 230
42 231 52 231
42 235 45 237
42 239 52 239
42 246 49 246
43 14 50 14
43 19 47 20
43 38 50 38
43 66 45 68
43 75 46 76
43 87 44 91
43 93 46 94
43 97 54 97
43 105 44 108
43 109 45 111
43 112 52 112
43 117 48 118
43 119 47 120
43 125 46 126
43 134 45 137
43 144 50 144
43 179 51 179
43 199 46 200
43 214 46 216
43 223 43 230
44 9 48 10
44 15 51 15
44 21 48 22
44 25 46 28
44 61 46 63
44 64 48 65
44 78 53 78
44 85 48 86
44 100 48 101
44 127 45 130
44 131 47 133
44 138 47 139
44 140 52 140
44 155 48 156
44 163 45 167
44 168 46 170
44 171 51 171
44 194 54 194
44 198 53 198
44 217 46 220
44 223 45 227
44 228 47 230
44 241 46 243
45 3 52 3
45 11 47 13
45 31 46 34
45 35 49 36
45 41 48 43
45 51 52 51
45 53 47 55
45 79 47 81
45 87 47 90
45 91 52 91
45 95 52 95
45 103 54 103
45 105 47 108
45 143 56 143
45 145 48 147
45 174 47 176
45 195 48 196
45 203 47 205
45 210 47 212
45 233 54 233
45 234 55 234
45 238 52 238
46 17 50 18
46 29 55 29
46 49 49 50
46 60 53 60
46 66 47 70
46 71 53 71
46 109 49 111
46 116 53 116
46 127 47 130
46 134 48 137
46 157 56 157
46 160 53 160
46 163 48 165
46 166 50 167
46 172 51 173
46 180 49 181
46 185 49 187
46 191 53 191
46 206 48 208
46 223 48 226
46 227 54 227
46 235 49 237
47 2 57 2
47 4 50 5
47 23 58 23
47 25 49 27
47 28 56 28
47 31 49 34
47 56 58 56
47 61 49 63
47 75 49 77
47 84 55 84
47 92 49 94
47 114 51 115
47 122 48 125
47 168 50 170
47 183 51 184
47 192 51 193
47 199 51 200
47 202 58 202
47 214 48 218
47 219 52 220
47 222 56 222
47 241 52 242
48 8 58 8
48 11 50 13
48 19 57 19
48 20 59 20
48 39 55 39
48 44 52 45
48 53 58 53
48 54 53 55
48 57 56 57
48 66 50 68
48 69 52 70
48 74 55 74
48 79 51 80
48 81 56 81
48 87 50 89
48 90 55 90
48 105 50 108
48 119 51 120
48 126 48 133
48 138 52 139
48 142 57 142
48 174 50 176
48 201 59 201
48 203 50 205
48 210 51 212
48 228 50 230
48 249 59 249
49 1 56 1
49 6 56 6
49 9 53 10
49 21 53 22
49 37 59 37
49 41 51 43
49 59 58 59
49 64 53 65
49 85 53 86
49 100 54 101
49 104 56 104
49 113 57 113
49 117 52 118
49 122 49 130
49 131 50 135
49 136 54 137
49 145 52 146
49 147 59 147
49 151 58 151
49 155 57 155
49 158 57 158
49 161 59 161
49 163 52 165
49 177 58 177
49 195 53 196
49 206 51 208
49 214 50 218
49 223 51 225
49 232 57 232
49 245 60 245
49 248 57 248
50 7 59 7
50 16 61 16
50 25 54 26
50 27 57 27
50 31 51 35
50 36 60 36
50 40 59 40
50 50 58 50
50 58 61 58
50 61 52 63
50 75 52 77
50 82 61 82
50 92 52 94
50 99 58 99
50 102 61 102
50 109 53 110
50 111 57 111
50 122 51 125
50 126 51 130
50 148 61 148
50 162 57 162
50 180 53 181
50 185 52 187
50 188 60 188
50 197 61 197
50 235 53 236
50 246 58 246
51 4 55 5
51 11 52 14
51 17 55 18
51 24 61 24
51 30 59 30
51 38 59 38
51 47 62 47
51 66 53 68
51 73 60 73
51 87 54 89
51 96 61 96
51 105 53 107
51 108 60 108
51 131 53 134
51 135 59 135
51 144 59 144
51 150 60 150
51 153 59 153
51 166 52 170
51 174 53 176
51 178 60 178
51 189 62 189
51 203 53 205
51 214 52 217
51 218 61 218
51 228 54 229
51 230 61 230
51 237 62 237
51 243 62 243
51 247 59 247
52 31 53 35
52 41 55 43
52 48 62 48
52 52 63 52
52 72 61 72
52 79 56 80
52 98 63 98
52 114 62 114
52 115 59 115
52 119 54 121
52 122 53 126
52 127 53 130
52 171 55 172
52 173 62 173
52 179 59 179
52 183 56 184
52 192 56 193
52 199 55 200
52 206 55 208
52 210 55 212
52 223 54 225
52 226 63 226
53 3 62 3
53 11 55 13
53 14 57 15
53 44 55 46
53 49 64 49
53 51 61 51
53 61 57 62
53 63 62 63
53 69 58 70
53 75 55 77
53 91 54 94
53 95 60 95
53 112 62 112
53 117 57 118
53 138 55 140
53 145 57 146
53 154 62 154
53 159 64 159
53 163 54 166
53 167 55 169
53 182 61 182
53 185 55 187
53 209 64 209
53 213 54 217
53 219 55 221
53 231 62 231
53 238 63 238
53 239 55 242
53 244 61 244
54 0 63 0
54 9 59 10
54 21 59 22
54 31 55 34
54 54 59 55
54 60 61 60
54 64 55 68
54 71 61 71
54 78 62 78
54 83 65 83
54 85 59 86
54 105 56 107
54 109 58 110
54 116 64 116
54 122 54 133
54 134 62 134
54 149 61 149
54 160 63 160
54 174 56 176
54 180 58 181
54 191 63 191
54 195 58 196
54 198 63 198
54 203 59 204
54 205 62 205
54 235 58 236
55 25 58 26
55 87 59 88
55 89 65 89
55 91 56 94
55 100 58 101
55 103 65 103
55 119 55 130
55 131 57 133
55 136 59 137
55 141 66 141
55 152 66 152
55 163 56 166
55 190 66 190
55 194 64 194
55 213 58 215
55 217 62 217
55 223 57 225
55 227 60 228
55 229 63 229
55 233 62 233
56 4 60 5
56 11 58 13
56 17 59 18
56 29 64 29
56 31 57 34
56 39 66 39
56 41 57 44
56 45 60 46
56 64 59 66
56 67 60 68
56 74 57 77
56 90 64 90
56 97 67 97
56 119 56 128
56 129 61 130
56 138 59 140
56 156 67 156
56 167 57 172
56 185 58 187
56 199 60 200
56 206 59 208
56 210 58 212
56 216 67 216
56 219 59 221
56 234 67 234
56 239 59 241
56 242 64 242
57 28 65 28
57 57 67 57
57 79 60 80
57 81 66 81
57 91 62 92
57 93 62 94
57 104 58 107
57 119 57 126
57 127 61 128
57 143 67 143
57 157 66 157
57 163 59 165
57 174 62 175
57 176 66 176
57 183 60 184
57 192 61 193
57 222 68 222
58 2 65 2
58 14 65 14
58 15 67 15
58 19 66 19
58 27 67 27
58 31 59 34
58 35 69 35
58 41 61 42
58 43 63 44
58 61 62 62
58 74 60 76
58 111 65 111
58 113 66 113
58 117 58 124
58 125 61 126
58 131 60 133
58 142 69 142
58 145 61 146
58 155 65 155
58 158 69 158
58 162 68 162
58 166 60 169
58 170 61 171
58 172 66 172
58 223 61 224
58 225 67 225
58 232 65 232
58 248 66 248
59 8 66 8
59 11 61 13
59 25 68 25
59 26 68 26
59 53 68 53
59 56 66 56
59 69 62 70
59 84 70 84
59 99 61 101
59 104 62 105
59 106 69 106
59 107 67 107
59 109 64 110
59 117 60 122
59 123 63 124
59 151 67 151
59 177 66 177
59 180 64 181
59 185 62 186
59 187 70 187
59 195 63 196
59 202 67 202
59 210 60 213
59 214 62 215
59 246 66 246
60 1 71 1
60 6 64 7
60 9 63 10
60 17 63 18
60 20 62 23
60 30 61 34
60 37 65 38
60 40 67 40
60 50 71 50
60 54 64 55
60 59 71 59
60 64 63 66
60 85 61 88
60 135 61 138
60 139 65 140
60 144 68 144
60 147 67 147
60 153 70 153
60 161 68 161
60 163 62 165
60 179 68 179
60 201 70 201
60 203 63 204
60 206 63 208
60 219 62 221
60 239 62 241
60 247 67 247
60 249 69 249
61 4 71 4
61 5 70 5
61 36 68 36
61 45 66 46
61 67 68 67
61 68 71 68
61 73 63 76
61 79 65 80
61 95 68 95
61 108 68 108
61 117 64 119
61 120 66 121
61 133 69 133
61 150 71 150
61 166 64 168
61 169 69 169
61 178 69 178
61 183 65 184
61 188 69 188
61 199 65 200
61 210 63 212
61 213 68 213
61 227 66 228
61 245 70 245
62 11 64 13
62 16 72 16
62 24 71 24
62 30 63 34
62 42 70 42
62 71 67 72
62 82 69 82
62 85 64 87
62 88 73 88
62 96 73 96
62 99 63 102
62 125 63 130
62 131 73 131
62 132 73 132
62 135 64 137
62 145 65 146
62 148 67 149
62 171 70 171
62 193 69 193
62 197 72 197
62 218 71 218
62 223 65 224
62 230 69 230
62 244 69 244
63 3 70 3
63 20 65 22
63 47 66 48
63 51 74 51
63 60 65 63
63 69 67 70
63 77 67 78
63 91 65 94
63 104 66 105
63 112 72 112
63 114 67 115
63 122 74 122
63 138 74 138
63 163 65 165
63 173 66 174
63 175 74 175
63 185 67 186
63 189 73 189
63 205 71 205
63 214 67 215
63 217 70 217
63 219 68 220
63 221 70 221
63 231 72 231
63 233 70 233
63 235 74 235
63 239 65 241
63 243 70 243
64 0 72 0
64 9 69 10
64 17 68 18
64 30 67 32
64 33 68 34
64 41 75 41
64 43 67 44
64 58 75 58
64 64 66 66
64 73 65 76
64 98 65 102
64 123 65 126
64 127 65 130
64 160 71 160
64 191 74 191
64 192 75 192
64 195 68 196
64 203 68 204
64 206 67 208
64 210 66 212
64 226 73 226
64 229 73 229
64 237 68 238
65 7 74 7
65 11 67 13
65 29 75 29
65 49 73 49
65 54 69 55
65 85 70 86
65 87 75 87
65 90 75 90
65 109 72 109
65 110 74 110
65 116 67 119
65 134 66 137
65 159 75 159
65 166 68 168
65 180 68 181
65 194 72 194
65 242 72 242
66 2 75 2
66 6 77 6
66 14 75 14
66 20 68 23
66 28 74 28
66 37 76 37
66 38 73 38
66 52 77 52
66 60 67 63
66 73 68 76
66 79 69 80
66 83 75 83
66 89 74 89
66 91 68 93
66 98 67 102
66 103 73 103
66 111 77 111
66 123 67 128
66 129 71 130
66 139 70 140
66 145 69 146
66 163 68 165
66 182 68 184
66 198 71 199
66 209 77 209
66 223 71 224
66 232 76 232
66 239 69 241
67 8 75 8
67 19 75 19
67 39 74 39
67 45 69 47
67 48 77 48
67 56 76 56
67 64 70 66
67 81 76 81
67 104 78 104
67 113 78 113
67 120 70 121
67 134 68 137
67 152 74 152
67 154 72 155
67 157 75 157
67 170 78 170
67 172 69 174
67 176 70 177
67 190 76 190
67 200 78 200
67 210 70 212
67 227 71 228
67 236 78 236
67 248 74 248
68 11 70 13
68 15 76 15
68 30 70 32
68 40 77 40
68 44 79 44
68 57 76 57
68 60 69 63
68 69 69 72
68 77 71 78
68 94 79 94
68 97 69 102
68 105 79 105
68 107 75 107
68 114 70 117
68 118 72 119
68 123 72 124
68 125 70 127
68 128 75 128
68 141 79 141
68 143 77 143
68 147 70 149
68 151 75 151
68 156 78 156
68 185 73 186
68 202 77 202
68 206 70 208
68 214 70 216
68 225 77 225
68 234 76 234
68 246 71 247
69 17 73 18
69 20 71 23
69 25 72 26
69 33 79 33
69 34 78 34
69 36 77 36
69 53 78 53
69 67 78 67
69 73 71 75
69 91 71 93
69 95 78 95
69 134 71 137
69 144 77 144
69 161 69 168
69 179 70 183
69 184 76 184
69 195 73 196
69 203 73 204
69 213 76 213
69 219 72 220
69 222 80 222
69 237 73 238
70 9 74 10
70 35 78 35
70 45 80 45
70 47 77 47
70 54 74 55
70 60 71 63
70 69 71 72
70 79 74 80
70 82 80 82
70 97 71 100
70 101 74 102
70 106 77 106
70 133 81 133
70 142 78 142
70 145 74 146
70 158 80 158
70 161 71 166
70 167 72 169
70 172 73 174
70 178 79 178
70 188 81 188
70 193 77 193
70 230 77 230
70 239 72 241
70 244 81 244
70 249 80 249
71 3 80 3
71 5 80 5
71 11 73 13
71 30 82 30
71 31 78 31
71 32 80 32
71 42 76 43
71 46 82 46
71 64 74 66
71 84 73 86
71 114 72 117
71 125 74 127
71 139 74 140
71 147 73 149
71 153 81 153
71 171 82 171
71 176 74 177
71 179 73 181
71 183 78 183
71 187 79 187
71 206 74 207
71 208 79 208
71 210 74 212
71 214 76 215
71 216 79 216
71 217 82 217
71 233 81 233
71 243 79 243
71 245 78 245
72 1 81 1
72 4 82 4
72 20 73 23
72 24 81 24
72 59 73 62
72 63 83 63
72 68 72 75
72 76 74 78
72 91 74 93
72 97 76 98
72 99 77 100
72 121 83 121
72 129 76 130
72 134 74 136
72 137 81 137
72 150 82 150
72 160 73 165
72 166 80 166
72 198 76 199
72 205 80 205
72 218 81 218
72 223 80 223
72 224 82 224
72 227 75 228
72 246 75 247
73 0 83 0
73 16 81 16
73 25 76 26
73 50 84 50
73 68 76 69
73 70 74 75
73 108 77 109
73 112 81 112
73 114 74 118
73 123 77 124
73 154 84 154
73 167 76 168
73 169 80 169
73 194 82 194
73 197 82 197
73 219 76 220
73 231 80 231
73 241 78 242
74 11 77 13
74 17 78 18
74 20 76 22
74 23 83 23
74 27 85 27
74 49 81 49
74 59 75 62
74 84 77 86
74 88 84 88
74 96 82 96
74 103 84 103
74 131 78 132
74 147 76 149
74 160 75 164
74 165 83 165
74 172 76 174
74 179 76 182
74 185 78 186
74 195 78 196
74 201 85 201
74 203 79 204
74 226 84 226
74 229 82 229
74 237 76 239
75 7 84 7
75 9 78 10
75 28 84 28
75 38 80 39
75 51 83 51
75 54 80 55
75 64 77 66
75 70 75 80
75 89 82 89
75 91 77 93
75 101 79 102
75 110 86 110
75 114 76 119
75 125 77 127
75 134 77 136
75 138 85 138
75 140 85 140
75 145 80 146
75 152 84 152
75 175 77 177
75 189 86 189
75 191 83 191
75 206 79 207
75 210 78 212
75 235 83 235
75 248 85 248
76 2 87 2
76 8 85 8
76 14 86 14
76 29 84 29
76 41 86 41
76 58 77 62
76 70 76 79
76 80 83 80
76 90 85 90
76 107 87 107
76 122 87 122
76 128 86 128
76 151 83 151
76 155 87 155
76 157 83 157
76 159 77 162
76 163 80 164
76 192 84 192
76 221 87 221
76 227 80 228
76 246 79 247
77 19 78 22
77 25 80 26
77 37 85 37
77 42 81 43
77 56 82 57
77 68 77 75
77 76 78 79
77 81 85 81
77 97 81 98
77 114 80 116
77 117 79 120
77 129 80 130
77 139 88 139
77 147 82 148
77 149 84 149
77 167 80 168
77 172 80 174
77 179 78 182
77 184 86 184
77 190 84 190
77 198 82 199
77 213 88 213
77 214 84 214
77 215 86 215
77 219 82 220
77 232 87 232
77 234 85 234
77 237 79 239
78 6 85 6
78 11 88 11
78 13 88 13
78 36 87 36
78 40 86 40
78 47 83 48
78 52 89 52
78 58 79 62
78 64 80 66
78 68 82 69
78 70 79 74
78 75 86 75
78 83 79 86
78 91 80 93
78 99 82 100
78 106 85 106
78 108 82 109
78 111 88 111
78 123 79 126
78 127 86 127
78 134 80 136
78 143 85 143
78 144 88 144
78 159 79 162
78 175 80 177
78 193 86 193
78 202 88 202
78 209 86 209
78 225 87 225
78 230 88 230
79 9 83 10
79 17 80 20
79 21 82 22
79 31 87 31
79 34 83 35
79 53 86 53
79 76 90 76
79 77 84 78
79 79 89 79
79 87 90 87
79 104 86 104
79 131 83 132
79 142 88 142
79 156 89 156
79 170 86 170
79 179 86 179
79 180 84 181
79 183 86 183
79 186 90 186
79 200 90 200
79 210 81 212
79 236 86 236
79 240 82 242
79 245 87 245
80 33 89 33
80 44 89 44
80 58 81 61
80 62 89 62
80 70 82 73
80 74 91 74
80 83 82 85
80 94 88 94
80 95 91 95
80 101 87 101
80 105 91 105
80 113 91 113
80 117 90 117
80 118 88 118
80 119 89 119
80 123 85 124
80 125 85 126
80 141 90 141
80 159 81 162
80 178 88 178
80 187 88 187
80 203 85 204
80 206 82 208
80 216 88 216
80 237 84 238
80 239 87 239
80 246 84 247
81 5 89 5
81 17 82 20
81 25 85 26
81 38 86 39
81 54 86 55
81 64 83 66
81 67 92 67
81 82 90 82
81 86 92 86
81 91 84 93
81 114 86 115
81 116 91 116
81 129 84 130
81 134 83 136
81 145 86 146
81 158 88 158
81 163 86 164
81 166 82 169
81 172 82 175
81 176 85 177
81 182 92 182
81 222 86 223
81 227 85 228
81 231 89 231
81 249 91 249
82 1 92 1
82 15 86 16
82 24 89 24
82 42 87 43
82 49 92 49
82 58 84 61
82 97 93 97
82 98 90 98
82 112 90 112
82 133 89 133
82 137 92 137
82 153 91 153
82 159 85 161
82 162 92 162
82 188 93 188
82 205 93 205
82 210 85 211
82 212 89 212
82 233 93 233
82 243 87 244
83 3 86 4
83 12 94 12
83 17 86 19
83 20 86 21
83 22 90 22
83 30 92 30
83 46 94 46
83 56 86 57
83 68 84 72
83 73 92 73
83 83 85 85
83 89 90 89
83 96 93 96
83 99 86 100
83 108 86 109
83 147 87 148
83 150 90 150
83 166 85 168
83 169 91 169
83 171 84 174
83 175 94 175
83 194 85 197
83 198 87 199
83 206 86 207
83 208 93 208
83 217 85 219
83 220 90 220
83 224 90 224
83 229 90 229
83 240 86 242
84 0 92 0
84 9 88 10
84 23 95 23
84 34 88 35
84 45 95 45
84 47 93 47
84 48 91 48
84 51 91 51
84 63 86 66
84 80 94 80
84 120 88 121
84 131 89 132
84 134 87 136
84 157 93 157
84 165 91 165
84 185 95 185
84 235 94 235
85 7 94 7
85 28 88 29
85 50 92 50
85 58 87 60
85 61 94 61
85 68 88 70
85 71 90 72
85 77 88 78
85 88 93 88
85 91 90 92
85 93 92 93
85 102 89 103
85 129 88 130
85 149 92 149
85 154 92 154
85 171 86 174
85 180 90 181
85 190 87 192
85 214 92 214
85 226 94 226
85 237 89 238
85 246 89 247
86 6 94 6
86 8 93 8
86 25 88 27
86 37 97 37
86 81 95 81
86 83 89 85
86 90 97 90
86 106 96 106
86 123 90 124
86 138 97 138
86 140 96 140
86 143 94 143
86 151 97 151
86 152 97 152
86 159 93 159
86 161 95 161
86 166 88 168
86 176 90 177
86 194 94 194
86 195 95 195
86 196 91 197
86 201 97 201
86 203 90 204
86 210 90 211
86 217 88 219
86 227 89 228
86 234 96 234
86 248 97 248
87 3 90 4
87 14 90 16
87 18 89 21
87 32 98 32
87 38 90 40
87 41 98 41
87 53 92 54
87 55 90 57
87 63 89 66
87 75 94 75
87 99 91 100
87 104 97 104
87 108 89 110
87 114 92 115
87 125 89 127
87 128 95 128
87 145 96 145
87 163 91 164
87 170 88 174
87 183 91 184
87 189 95 189
87 193 97 193
87 206 90 207
87 209 97 209
87 222 97 222
87 223 95 223
87 236 95 236
87 240 89 242
88 2 96 2
88 17 99 17
88 31 95 31
88 36 95 36
88 42 96 42
88 58 90 60
88 107 95 107
88 122 97 122
88 134 90 136
88 147 95 147
88 148 98 148
88 155 99 155
88 179 99 179
88 190 91 192
88 198 93 199
88 221 95 221
88 225 98 225
88 232 96 232
88 239 98 239
88 243 91 245
89 9 91 11
89 13 99 13
89 25 90 28
89 29 96 29
89 34 93 35
89 68 94 69
89 70 100 70
89 77 94 78
89 118 96 118
89 120 93 121
89 129 92 130
89 139 98 139
89 142 97 142
89 144 97 144
89 158 97 158
89 166 92 168
89 170 90 173
89 174 99 174
89 178 96 178
89 187 100 187
89 202 97 202
89 213 97 213
89 215 90 218
89 219 97 219
89 230 96 230
90 5 97 5
90 18 92 21
90 24 100 24
90 33 98 33
90 52 97 52
90 62 92 65
90 66 97 66
90 79 100 79
90 83 92 85
90 102 94 103
90 108 92 110
90 111 101 111
90 119 101 119
90 125 93 127
90 131 92 133
90 156 101 156
90 212 97 212
90 227 95 228
90 237 94 238
90 240 93 242
90 247 98 247
91 3 101 3
91 4 98 4
91 14 93 16
91 25 93 28
91 38 94 40
91 55 92 59
91 60 100 60
91 71 94 72
91 76 100 76
91 82 98 82
91 87 101 87
91 89 98 89
91 91 94 92
91 98 101 98
91 112 98 112
91 117 101 117
91 123 94 124
91 134 93 136
91 141 98 141
91 160 102 160
91 170 92 173
91 176 94 177
91 180 94 181
91 186 98 186
91 200 99 200
91 203 95 204
91 206 96 207
91 210 96 211
91 215 102 215
91 216 96 217
91 218 99 218
91 229 98 229
91 231 102 231
92 9 94 11
92 43 97 44
92 48 100 48
92 51 99 51
92 74 100 74
92 94 97 95
92 99 96 100
92 101 103 101
92 105 100 105
92 116 101 116
92 146 103 146
92 153 100 153
92 163 95 165
92 169 100 169
92 183 96 184
92 190 94 192
92 196 96 197
92 243 94 245
92 249 101 249
93 1 100 1
93 18 94 21
93 22 104 22
93 30 100 30
93 49 96 50
93 53 94 58
93 59 103 59
93 62 95 65
93 67 104 67
93 73 101 73
93 83 95 85
93 86 100 86
93 93 103 93
93 108 95 110
93 113 96 115
93 129 94 132
93 137 101 137
93 149 97 150
93 154 102 154
93 162 101 162
93 166 95 168
93 170 94 173
93 182 103 182
93 214 102 214
93 246 104 246
94 8 103 8
94 14 99 15
94 16 104 16
94 25 96 28
94 34 99 35
94 96 98 97
94 120 97 121
94 125 96 127
94 133 96 135
94 136 104 136
94 157 105 157
94 159 101 159
94 188 104 188
94 198 99 199
94 205 101 205
94 208 102 208
94 220 105 220
94 224 105 224
94 233 104 233
94 240 96 242
95 6 99 7
95 9 97 11
95 12 102 12
95 18 98 20
95 38 98 40
95 46 98 47
95 53 96 57
95 58 105 58
95 61 104 61
95 68 100 69
95 71 98 72
95 75 102 75
95 77 99 78
95 80 103 80
95 91 99 92
95 102 98 103
95 123 100 124
95 129 97 132
95 143 103 143
95 170 96 173
95 175 98 177
95 180 98 181
95 190 98 191
95 192 103 192
95 194 106 194
95 226 105 226
95 235 104 235
95 237 98 238
95 243 97 245
96 23 104 23
96 31 105 31
96 36 103 36
96 45 103 45
96 62 98 65
96 83 99 84
96 85 104 85
96 88 107 88
96 107 98 109
96 110 106 110
96 147 103 147
96 161 104 161
96 163 99 164
96 165 98 168
96 185 106 185
96 189 103 189
96 195 105 195
96 203 100 204
96 221 106 221
96 223 105 223
96 227 99 228
96 236 104 236
97 2 107 2
97 25 98 28
97 29 106 29
97 42 105 42
97 49 101 50
97 53 98 57
97 99 101 100
97 113 102 114
97 115 104 115
97 118 104 118
97 125 98 128
97 134 102 135
97 140 104 140
97 145 106 145
97 170 99 173
97 178 104 178
97 183 100 184
97 196 100 197
97 206 101 207
97 210 102 211
97 216 101 217
97 230 104 230
97 232 104 232
97 234 104 234
97 240 100 242
98 5 105 5
98 9 101 11
98 37 108 37
98 43 106 43
98 44 107 44
98 52 107 52
98 66 106 66
98 94 106 94
98 104 105 104
98 106 109 106
98 120 100 122
98 129 101 131
98 132 101 133
98 138 106 138
98 142 105 142
98 144 107 144
98 149 99 152
98 158 107 158
98 193 106 193
98 201 103 202
98 209 105 209
98 212 101 213
98 219 108 219
98 243 100 245
98 248 108 248
99 4 106 4
99 18 100 21
99 25 101 27
99 32 103 33
99 38 101 41
99 46 102 47
99 53 100 57
99 62 102 64
99 65 106 65
99 71 108 71
99 72 108 72
99 81 102 82
99 89 102 90
99 95 101 97
99 102 106 102
99 103 108 103
99 107 102 109
99 112 110 112
99 125 101 128
99 141 106 141
99 165 101 168
99 175 104 176
99 177 110 177
99 180 103 181
99 186 108 186
99 190 104 191
99 222 110 222
99 225 106 225
99 237 102 239
99 247 107 247
100 0 111 0
100 6 103 7
100 13 102 15
100 17 110 17
100 28 111 28
100 34 104 35
100 51 108 51
100 77 105 78
100 83 110 83
100 84 110 84
100 91 104 92
100 148 103 150
100 151 105 152
100 163 110 163
100 164 107 164
100 170 101 173
100 174 108 174
100 179 110 179
100 198 103 200
100 218 110 218
100 227 103 229
101 1 109 1
101 18 104 20
101 21 112 21
101 24 110 24
101 30 108 30
101 48 110 48
101 53 102 57
101 60 112 60
101 68 106 69
101 70 111 70
101 74 111 74
101 79 109 79
101 86 109 86
101 105 108 105
101 120 102 123
101 124 109 124
101 153 111 153
101 183 105 184
101 187 109 187
101 196 104 197
101 203 106 204
101 240 102 243
101 244 106 245
102 3 112 3
102 9 105 10
102 25 105 27
102 38 103 41
102 49 105 50
102 73 110 73
102 76 113 76
102 87 109 87
102 95 103 99
102 100 109 100
102 111 110 111
102 116 112 116
102 117 112 117
102 119 111 119
102 125 105 127
102 128 103 133
102 137 111 137
102 155 106 156
102 162 112 162
102 165 103 169
102 170 105 172
102 173 111 173
102 205 106 206
102 207 109 207
102 212 106 213
102 216 105 217
103 11 105 13
103 14 110 14
103 46 108 47
103 53 104 57
103 62 106 63
103 64 114 64
103 75 112 75
103 81 108 82
103 89 107 90
103 107 105 109
103 113 106 114
103 120 105 123
103 134 107 135
103 154 111 154
103 208 114 208
103 210 106 211
103 214 108 215
103 237 104 241
103 242 106 243
104 6 107 8
104 32 109 33
104 36 115 36
104 38 106 41
104 45 114 45
104 59 112 59
104 80 112 80
104 93 111 93
104 95 105 98
104 101 112 101
104 128 105 131
104 132 109 133
104 139 115 139
104 143 115 143
104 146 105 149
104 150 113 150
104 160 115 160
104 165 105 169
104 180 107 181
104 182 111 182
104 189 111 189
104 192 111 192
104 198 105 201
104 202 111 202
104 227 107 228
104 229 113 229
104 231 115 231
105 15 110 16
105 18 108 20
105 22 108 23
105 34 108 35
105 53 106 57
105 85 114 85
105 91 110 92
105 115 112 115
105 136 114 136
105 140 116 140
105 161 112 161
105 175 108 176
105 188 114 188
105 190 108 191
105 196 110 197
105 230 115 230
105 232 105 239
105 240 109 241
106 5 115 5
106 9 108 12
106 13 113 13
106 25 109 27
106 31 114 31
106 42 116 42
106 49 110 50
106 58 114 58
106 67 117 67
106 77 110 78
106 95 107 98
106 99 117 99
106 104 117 104
106 107 109 109
106 120 108 122
106 123 115 123
106 125 107 129
106 130 109 131
106 142 113 142
106 146 109 147
106 149 115 149
106 151 109 152
106 157 113 157
106 165 107 169
106 170 109 172
106 183 109 184
106 195 115 195
106 198 108 201
106 209 113 209
106 216 111 217
106 220 113 220
106 223 111 224
106 226 113 226
106 232 107 235
106 236 108 238
106 239 114 239
106 246 117 246
107 4 115 4
107 38 109 41
107 43 115 43
107 53 108 56
107 61 110 62
107 63 115 63
107 65 112 66
107 68 110 69
107 94 115 94
107 102 114 102
107 110 117 110
107 113 110 114
107 118 118 118
107 138 115 138
107 141 114 141
107 145 116 145
107 156 114 156
107 178 118 178
107 185 115 185
107 193 111 194
107 203 108 206
107 210 110 212
107 221 115 221
107 225 114 225
107 242 109 245
108 2 116 2
108 6 110 8
108 44 117 44
108 52 116 52
108 88 111 89
108 95 110 97
108 98 116 98
108 125 109 128
108 129 117 129
108 134 112 135
108 144 117 144
108 158 112 159
108 164 109 167
108 168 116 168
108 169 118 169
108 180 112 181
108 213 119 213
108 227 112 228
108 232 110 235
108 247 116 247
108 249 119 249
109 9 111 11
109 18 111 20
109 22 113 23
109 30 118 30
109 34 112 35
109 37 116 37
109 46 113 47
109 51 119 51
109 53 110 56
109 71 114 72
109 81 112 82
109 103 120 103
109 105 117 105
109 120 111 122
109 174 114 175
109 176 117 176
109 186 117 186
109 190 112 191
109 198 111 201
109 203 111 205
109 206 117 206
109 214 113 215
109 219 120 219
109 236 113 237
109 238 120 238
109 248 117 248
110 1 117 1
110 25 112 27
110 29 121 29
110 32 115 33
110 38 112 40
110 41 117 41
110 57 121 57
110 86 114 87
110 100 119 100
110 106 112 109
110 124 112 127
110 128 121 128
110 130 112 133
110 146 112 148
110 151 115 152
110 164 111 167
110 170 113 172
110 183 114 184
110 187 118 187
110 207 118 207
110 240 111 243
110 244 113 245
111 6 113 8
111 14 112 17
111 24 120 24
111 48 122 48
111 49 121 49
111 50 120 50
111 53 113 55
111 56 118 56
111 61 114 62
111 68 116 69
111 77 114 79
111 83 115 84
111 90 114 92
111 95 113 97
111 111 113 114
111 155 122 155
111 163 121 163
111 179 122 179
111 196 116 197
111 210 114 212
111 218 122 218
111 222 119 222
111 232 112 235
112 0 120 0
112 9 114 11
112 18 115 20
112 73 117 74
112 88 117 89
112 93 122 93
112 119 113 122
112 137 122 137
112 153 116 154
112 164 113 167
112 173 120 173
112 182 122 182
112 189 121 189
112 192 117 193
112 194 123 194
112 198 113 203
112 204 117 205
112 216 122 216
112 217 123 217
112 223 117 224
112 240 113 243
113 3 120 3
113 14 114 17
113 21 121 21
113 25 114 28
113 34 116 35
113 38 115 40
113 59 117 60
113 65 118 66
113 75 124 75
113 80 116 82
113 101 120 101
113 106 115 108
113 109 124 109
113 115 116 117
113 124 114 127
113 130 114 133
113 134 117 135
113 146 118 147
113 148 123 148
113 158 116 159
113 161 116 162
113 180 121 180
113 181 124 181
113 190 117 191
113 227 116 228
113 232 116 234
113 235 121 235
114 6 116 8
114 13 121 13
114 22 117 23
114 46 118 47
114 53 116 55
114 76 121 76
114 95 116 97
114 111 116 113
114 114 123 114
114 119 116 122
114 150 125 150
114 157 122 157
114 164 116 167
114 170 118 171
114 172 121 172
114 177 125 177
114 198 115 201
114 202 118 203
114 209 123 209
114 214 123 214
114 220 125 220
114 226 121 226
114 229 122 229
114 236 118 237
114 240 115 243
114 244 118 245
115 9 116 12
115 14 117 17
115 25 117 27
115 45 122 45
115 58 124 58
115 61 118 62
115 70 117 72
115 77 118 79
115 85 117 87
115 90 117 92
115 102 126 102
115 124 116 127
115 130 117 132
115 133 123 133
115 136 122 136
115 141 120 142
115 156 123 156
115 174 118 175
115 183 119 184
115 188 125 188
115 208 123 208
115 210 117 212
115 225 126 225
115 239 124 239
116 4 121 5
116 18 119 19
116 20 123 20
116 28 127 28
116 31 118 33
116 36 124 36
116 38 119 40
116 43 125 43
116 63 127 63
116 64 127 64
116 83 126 83
116 84 124 84
116 94 123 94
116 106 119 108
116 123 124 123
116 138 120 139
116 143 125 143
116 149 126 149
116 151 120 152
116 160 123 160
116 185 123 185
116 195 127 195
116 198 119 199
116 200 121 201
116 215 127 215
116 221 123 221
116 230 121 231
116 240 119 242
116 243 124 243
117 2 124 2
117 6 118 11
117 34 120 35
117 37 125 37
117 42 126 42
117 52 118 55
117 68 120 69
117 80 119 82
117 95 119 97
117 98 124 98
117 111 121 112
117 113 125 113
117 115 119 117
117 119 118 122
117 124 120 125
117 126 125 126
117 127 125 127
117 140 124 140
117 145 125 145
117 153 121 154
117 158 120 159
117 161 121 162
117 164 118 168
117 196 120 197
117 227 122 228
117 232 119 234
117 247 125 247
118 14 120 16
118 25 120 27
118 41 127 41
118 44 125 44
118 59 122 60
118 67 126 67
118 70 119 74
118 85 119 88
118 89 120 91
118 92 125 92
118 99 125 99
118 104 121 105
118 110 126 110
118 129 120 131
118 132 127 132
118 134 123 135
118 144 125 144
118 176 126 176
118 186 129 186
118 190 119 193
118 204 121 205
118 206 127 206
118 210 121 212
118 223 122 224
118 246 129 246
118 248 128 248
119 1 130 1
119 6 120 11
119 30 121 33
119 46 123 47
119 52 120 56
119 61 123 62
119 65 124 66
119 77 122 78
119 79 129 79
119 118 121 120
119 121 122 122
119 146 122 147
119 164 121 167
119 168 122 170
119 171 128 171
119 174 128 174
119 175 129 175
119 178 129 178
119 187 127 187
119 202 123 203
119 207 128 207
119 236 124 237
119 244 123 245
120 17 123 19
120 23 131 23
120 38 123 40
120 51 128 51
120 70 121 74
120 80 122 82
120 85 122 88
120 95 123 97
120 100 128 100
120 106 125 107
120 108 130 108
120 115 125 116
120 117 128 117
120 183 124 184
120 190 123 191
120 192 131 192
120 193 128 193
120 198 123 199
120 213 128 213
120 222 131 222
120 232 125 233
120 234 129 234
120 240 123 242
120 249 127 249
121 0 128 0
121 3 128 3
121 6 122 11
121 14 124 15
121 16 129 16
121 24 123 27
121 35 128 35
121 50 128 50
121 52 124 53
121 54 124 56
121 68 125 69
121 89 124 91
121 101 128 101
121 103 132 103
121 124 125 125
121 129 124 131
121 138 125 139
121 141 126 142
121 151 126 152
121 158 124 159
121 173 130 173
121 196 132 196
121 219 132 219
121 238 130 238
122 4 127 5
122 12 125 13
122 21 131 21
122 29 123 33
122 34 133 34
122 49 129 49
122 57 130 57
122 70 123 74
122 76 129 76
122 104 133 104
122 111 127 112
122 118 124 120
122 153 126 154
122 161 123 165
122 166 127 167
122 180 130 180
122 189 129 189
122 200 126 201
122 204 126 205
122 210 127 211
122 212 129 212
122 226 130 226
122 230 127 231
122 235 130 235
123 6 124 10
123 11 132 11
123 45 130 45
123 48 133 48
123 59 126 60
123 78 134 78
123 80 126 81
123 82 131 82
123 85 128 86
123 87 127 88
123 93 133 93
123 121 127 122
123 136 127 137
123 146 126 147
123 155 131 155
123 157 132 157
123 168 126 170
123 172 134 172
123 179 131 179
123 182 132 182
123 216 132 216
123 218 130 218
123 223 126 224
123 227 125 229
124 17 125 20
124 22 135 22
124 24 126 27
124 29 125 33
124 38 127 40
124 46 128 47
124 61 128 62
124 70 129 71
124 72 127 74
124 94 125 97
124 114 131 114
124 128 135 128
124 133 126 135
124 148 131 148
124 156 133 156
124 160 125 165
124 185 135 185
124 190 128 191
124 197 127 199
124 202 129 203
124 208 127 209
124 214 131 214
124 217 131 217
124 221 131 221
124 240 126 242
124 244 129 245
125 2 132 2
125 6 126 9
125 10 134 10
125 14 128 15
125 36 136 36
125 52 126 55
125 56 133 56
125 58 134 58
125 65 129 66
125 75 133 75
125 84 134 84
125 89 127 91
125 98 132 98
125 118 127 120
125 129 127 131
125 140 132 140
125 158 128 159
125 181 133 181
125 183 130 184
125 236 130 237
125 239 134 239
125 243 134 243
126 12 129 13
126 17 128 19
126 20 134 20
126 29 127 32
126 37 135 37
126 43 131 44
126 68 129 69
126 92 135 92
126 94 128 97
126 99 135 99
126 105 128 107
126 109 137 109
126 113 134 113
126 115 129 116
126 123 127 127
126 138 129 139
126 143 128 145
126 150 135 150
126 160 127 164
126 165 135 165
126 177 133 177
126 220 134 220
126 227 129 228
126 232 130 233
126 247 135 247
127 6 128 9
127 24 129 27
127 42 134 42
127 52 128 55
127 59 130 60
127 67 134 67
127 80 130 81
127 83 134 83
127 102 136 102
127 133 132 134
127 135 136 135
127 141 131 142
127 146 131 147
127 149 137 149
127 151 128 154
127 168 129 170
127 176 137 176
127 188 138 188
127 200 130 201
127 204 138 204
127 205 135 205
127 223 129 225
127 229 138 229
127 240 129 242
128 4 132 5
128 28 130 31
128 38 131 40
128 41 137 41
128 63 132 64
128 72 133 73
128 74 136 74
128 87 129 91
128 110 130 112
128 118 128 126
128 129 130 131
128 132 135 132
128 136 131 137
128 160 130 163
128 166 133 167
128 187 135 187
128 195 137 195
128 197 131 199
128 206 138 206
128 208 130 211
128 215 135 215
128 230 138 230
128 249 139 249
129 0 138 0
129 3 136 3
129 6 131 8
129 9 137 9
129 14 136 14
129 15 139 15
129 17 131 19
129 32 134 33
129 35 138 35
129 46 132 47
129 50 130 54
129 55 139 55
129 61 134 62
129 85 132 86
129 94 131 97
129 100 134 101
129 105 132 106
129 107 139 107
129 117 129 125
129 126 134 127
129 143 131 145
129 151 131 154
129 158 134 159
129 164 140 164
129 171 137 171
129 190 134 191
129 193 134 194
129 207 137 207
129 213 137 213
130 12 134 13
130 16 137 16
130 24 132 26
130 27 138 27
130 49 138 49
130 65 134 66
130 68 131 71
130 76 133 77
130 79 140 79
130 87 132 89
130 90 140 90
130 91 139 91
130 116 138 116
130 117 140 117
130 118 132 121
130 122 132 124
130 125 138 125
130 138 134 139
130 168 133 170
130 174 134 175
130 178 140 178
130 186 138 186
130 189 138 189
130 202 133 203
130 212 137 212
130 223 132 225
130 227 135 228
130 231 141 231
130 234 137 234
130 240 132 242
130 244 133 246
130 248 141 248
131 1 141 1
131 28 132 31
131 45 140 45
131 50 132 54
131 57 140 57
131 59 136 60
131 80 138 80
131 108 139 108
131 112 141 112
131 129 135 130
131 131 140 131
131 160 133 163
131 173 139 173
131 180 139 180
131 183 138 183
131 184 140 184
131 200 134 201
131 208 132 211
131 218 138 218
131 226 139 226
131 232 135 233
131 235 135 236
131 238 138 238
132 6 134 8
132 17 134 19
132 21 142 21
132 23 140 23
132 38 134 40
132 43 137 44
132 68 134 71
132 94 134 97
132 114 137 115
132 136 135 137
132 141 133 146
132 147 136 148
132 151 134 154
132 155 140 155
132 179 143 179
132 192 140 192
132 197 137 198
132 199 141 199
132 214 141 214
132 217 140 217
132 221 137 222
133 2 141 2
133 4 137 5
133 11 140 11
133 24 136 26
133 28 135 31
133 46 140 46
133 50 134 53
133 54 141 54
133 63 136 64
133 82 144 82
133 85 134 89
133 98 143 98
133 103 140 103
133 105 138 106
133 118 134 122
133 123 137 124
133 133 141 133
133 140 142 140
133 157 141 157
133 182 143 182
133 196 140 196
133 208 135 211
133 216 141 216
133 219 143 219
133 223 135 225
133 240 136 241
133 242 143 242
134 34 141 34
134 47 138 48
134 56 141 56
134 72 139 73
134 75 137 76
134 77 145 77
134 93 145 93
134 104 145 104
134 110 139 111
134 141 137 143
134 144 143 144
134 145 139 146
134 160 136 163
134 166 136 168
134 169 141 169
134 170 144 170
134 181 142 181
134 202 139 203
134 244 144 244
134 246 142 246
135 6 138 8
135 10 142 10
135 12 145 12
135 13 146 13
135 17 137 20
135 38 138 39
135 40 143 40
135 42 143 42
135 50 137 53
135 58 143 58
135 61 140 62
135 65 140 66
135 67 145 67
135 68 138 70
135 71 142 71
135 78 145 78
135 83 136 86
135 87 137 89
135 94 137 97
135 100 142 100
135 101 144 101
135 113 146 113
135 118 136 122
135 126 143 126
135 127 145 127
135 138 139 139
135 151 138 153
135 154 143 154
135 158 138 159
135 172 142 172
135 174 139 175
135 190 139 191
135 193 139 194
135 200 139 201
135 220 143 220
135 239 142 239
136 22 145 22
136 28 137 32
136 37 145 37
136 92 144 92
136 99 143 99
136 128 139 130
136 132 143 132
136 136 140 137
136 165 145 165
136 177 147 177
136 187 145 187
136 205 146 205
136 208 144 208
136 209 139 211
136 215 145 215
136 223 138 225
136 227 139 228
136 232 139 233
136 235 141 236
136 247 144 247
137 3 147 3
137 14 146 14
137 24 140 26
137 36 145 36
137 59 142 60
137 63 140 64
137 74 148 74
137 83 139 85
137 86 145 86
137 102 144 102
137 118 139 120
137 121 140 122
137 134 148 134
137 135 144 135
137 147 141 148
137 160 139 163
137 166 141 167
137 168 146 168
137 240 140 241
138 4 142 5
138 9 146 9
138 16 139 19
138 28 140 30
138 31 142 32
138 41 146 41
138 43 141 44
138 50 139 53
138 75 143 76
138 87 140 89
138 94 140 96
138 97 148 97
138 109 147 109
138 114 142 115
138 123 141 124
138 141 140 143
138 149 143 150
138 171 146 171
138 176 148 176
138 195 148 195
138 197 141 198
138 212 141 213
138 221 147 221
138 222 147 222
138 234 145 234
138 237 149 237
139 0 148 0
139 6 142 8
139 27 148 27
139 38 147 38
139 39 148 39
139 47 141 49
139 68 141 70
139 80 142 81
139 105 143 106
139 116 147 116
139 125 146 125
139 151 141 153
139 158 142 159
139 183 146 183
139 185 143 186
139 188 143 189
139 204 148 204
139 206 143 207
139 218 147 218
139 223 141 225
139 229 143 230
140 15 141 19
140 20 151 20
140 50 142 53
140 72 143 73
140 83 143 85
140 107 145 108
140 118 142 120
140 128 142 130
140 138 143 139
140 145 143 146
140 160 142 163
140 173 143 175
140 180 148 180
140 190 143 191
140 193 145 194
140 200 142 203
140 209 142 211
140 227 149 227
140 228 149 228
140 232 144 233
140 245 151 245
140 249 147 249
141 11 150 11
141 23 146 24
141 25 146 26
141 28 144 30
141 45 149 45
141 46 151 46
141 57 148 57
141 61 142 66
141 79 148 79
141 87 142 90
141 94 144 96
141 103 150 103
141 111 152 111
141 117 149 117
141 121 146 122
141 131 151 131
141 136 144 137
141 141 144 143
141 178 150 178
141 184 149 184
141 192 148 192
141 196 149 196
141 217 150 217
141 240 144 241
142 1 145 2
142 15 143 18
142 19 153 19
142 33 144 35
142 43 146 44
142 47 144 49
142 54 145 56
142 68 144 70
142 91 153 91
142 112 150 112
142 123 147 124
142 133 149 133
142 147 146 148
142 151 144 153
142 155 145 157
142 166 145 167
142 169 153 169
142 197 144 199
142 212 145 214
142 216 152 216
142 223 144 226
142 235 146 236
142 248 150 248
143 4 144 8
143 10 150 10
143 21 154 21
143 31 146 32
143 50 145 52
143 59 144 62
143 63 145 65
143 66 150 66
143 80 146 81
143 87 144 90
143 100 150 100
143 114 147 115
143 118 146 120
143 128 146 129
143 130 151 130
143 140 150 140
143 158 145 160
143 161 144 164
143 172 152 172
143 200 145 202
143 203 153 203
143 209 148 210
143 211 150 211
143 238 146 239
143 246 151 246
144 15 145 18
144 42 154 42
144 53 155 53
144 58 152 58
144 71 146 73
144 75 154 75
144 83 147 85
144 98 147 99
144 105 147 106
144 126 155 126
144 132 153 132
144 138 148 139
144 144 147 145
144 146 153 146
144 149 149 150
144 173 149 174
144 175 151 175
144 181 149 182
144 185 153 185
144 186 155 186
144 188 145 191
144 207 155 207
144 219 149 220
144 229 146 231
144 242 148 243
145 4 148 6
145 7 150 8
145 28 147 30
145 33 147 35
145 40 156 40
145 47 147 49
145 59 147 61
145 62 152 62
145 68 149 69
145 70 152 70
145 82 154 82
145 87 146 90
145 92 153 92
145 94 147 96
145 101 152 101
145 102 154 102
145 135 148 136
145 137 156 137
145 141 147 143
145 151 146 154
145 161 147 163
145 164 154 164
145 197 150 198
145 206 156 206
145 208 152 208
145 223 147 225
145 226 154 226
145 232 149 233
145 240 150 241
145 247 155 247
146 1 149 2
146 12 153 12
146 15 147 18
146 22 153 22
146 36 150 37
146 50 148 52
146 54 148 56
146 63 148 65
146 67 156 67
146 76 149 77
146 78 156 78
146 86 156 86
146 104 154 104
146 107 149 108
146 127 156 127
146 155 147 160
146 165 148 167
146 187 147 191
146 193 149 194
146 199 148 202
146 212 148 215
146 234 153 234
147 9 155 9
147 13 152 14
147 23 148 26
147 31 151 32
147 43 150 44
147 71 150 73
147 80 157 80
147 81 155 81
147 87 149 90
147 113 155 113
147 118 148 122
147 125 156 125
147 128 151 129
147 147 150 148
147 151 148 154
147 168 154 168
147 170 151 171
147 179 158 179
147 183 154 183
147 229 149 231
147 235 150 236
147 238 151 239
148 3 156 3
148 15 150 17
148 18 159 18
148 28 152 29
148 30 157 30
148 33 150 35
148 38 155 38
148 47 152 48
148 49 158 49
148 59 151 61
148 83 150 85
148 93 150 96
148 98 156 98
148 99 159 99
148 106 155 106
148 109 157 109
148 110 159 110
148 114 151 116
148 123 152 124
148 141 149 145
148 155 150 158
148 159 150 161
148 162 151 163
148 177 158 177
148 187 149 191
148 205 159 205
148 218 155 218
148 221 151 223
148 224 153 225
148 249 159 249
149 0 156 0
149 4 152 5
149 6 156 6
149 23 150 27
149 39 156 39
149 50 157 50
149 52 156 52
149 54 151 57
149 63 151 65
149 74 157 74
149 79 157 79
149 97 156 97
149 105 160 105
149 118 151 121
149 122 159 122
149 134 154 135
149 136 157 136
149 138 153 139
149 151 151 154
149 165 154 166
149 167 157 167
149 176 157 176
149 180 158 180
149 192 158 192
149 195 157 195
149 199 151 201
149 202 158 202
149 204 157 204
149 209 152 210
149 212 151 214
149 215 157 215
149 242 152 243
150 1 155 2
150 45 157 45
150 51 161 51
150 68 155 69
150 76 158 76
150 87 152 90
150 107 154 108
150 117 157 117
150 133 158 133
150 141 151 145
150 149 154 150
150 173 154 174
150 181 154 182
150 184 161 184
150 187 152 189
150 190 161 190
150 191 161 191
150 193 154 194
150 196 157 196
150 219 155 220
150 227 151 231
150 232 154 233
150 237 161 237
150 244 161 244
151 7 158 7
151 8 161 8
151 10 154 11
151 15 153 17
151 23 152 26
151 27 160 27
151 33 152 37
151 43 156 44
151 66 162 66
151 71 153 73
151 83 153 85
151 93 152 96
151 100 159 100
151 103 159 103
151 112 161 112
151 147 155 148
151 155 153 158
151 159 154 161
151 178 159 178
151 197 154 198
151 211 160 211
151 217 162 217
151 235 156 236
151 240 156 241
151 248 160 248
152 31 155 32
152 46 161 46
152 54 153 57
152 59 161 59
152 60 163 60
152 61 162 61
152 63 154 65
152 114 154 116
152 118 154 120
152 121 162 121
152 128 154 131
152 140 153 144
152 151 154 154
152 162 156 163
152 170 156 171
152 175 159 175
152 199 154 201
152 212 157 213
152 214 159 214
152 221 154 223
152 227 154 230
152 231 161 231
152 238 155 239
152 245 156 246
153 4 156 5
153 13 157 14
153 23 155 25
153 26 161 26
153 28 157 29
153 33 154 37
153 41 164 41
153 47 157 48
153 58 164 58
153 62 160 62
153 70 160 70
153 77 164 77
153 87 154 90
153 93 155 96
153 101 160 101
153 111 161 111
153 123 157 124
153 172 161 172
153 187 155 189
153 208 156 210
153 216 161 216
153 242 157 243
154 15 157 17
154 19 159 20
154 22 161 22
154 54 155 57
154 71 157 73
154 83 159 84
154 85 162 85
154 91 165 91
154 92 164 92
154 132 163 132
154 138 154 145
154 146 161 146
154 155 155 158
154 169 161 169
154 185 161 185
154 203 163 203
154 224 159 225
154 234 162 234
155 10 158 12
155 21 165 21
155 33 158 35
155 36 159 37
155 63 160 64
155 65 162 65
155 75 164 75
155 82 165 82
155 87 157 90
155 102 163 102
155 104 163 104
155 107 158 108
155 114 159 115
155 116 164 116
155 118 157 120
155 128 157 130
155 131 165 131
155 134 158 135
155 138 155 145
155 149 156 152
155 153 159 154
155 159 157 161
155 164 159 165
155 166 163 166
155 168 166 168
155 173 158 174
155 181 157 183
155 193 158 194
155 197 156 201
155 221 157 223
155 226 157 229
155 230 162 230
155 232 164 232
155 233 164 233
156 1 164 1
156 2 166 2
156 9 163 9
156 23 158 25
156 31 161 32
156 38 163 38
156 53 157 57
156 68 160 69
156 81 164 81
156 93 158 96
156 106 165 106
156 113 163 113
156 126 163 126
156 138 156 145
156 147 159 148
156 155 158 157
156 186 158 188
156 189 164 189
156 207 165 207
156 218 158 220
156 238 160 239
156 247 167 247
157 3 159 6
157 39 161 40
157 42 159 44
157 52 166 52
157 67 164 67
157 86 166 86
157 97 161 98
157 125 164 125
157 127 165 127
157 137 157 145
157 149 159 151
157 152 166 152
157 158 168 158
157 162 160 163
157 170 161 171
157 197 158 200
157 206 166 206
157 208 160 210
157 235 160 236
157 240 160 241
157 245 167 245
157 246 164 246
158 13 159 17
158 28 161 30
158 45 166 45
158 47 168 47
158 50 165 50
158 53 159 57
158 71 161 73
158 74 165 74
158 78 160 80
158 87 160 89
158 109 167 109
158 117 160 119
158 120 165 120
158 123 162 124
158 128 161 130
158 136 158 144
158 145 167 145
158 159 161 161
158 167 165 167
158 176 167 176
158 181 161 183
158 195 162 196
158 204 166 204
158 212 163 213
158 215 166 215
158 221 162 222
158 223 169 223
158 226 160 229
158 242 167 242
158 243 167 243
159 7 168 7
159 10 161 12
159 23 161 25
159 33 161 35
159 48 164 49
159 76 170 76
159 93 162 95
159 96 166 96
159 107 162 108
159 133 159 144
159 155 169 155
159 156 164 157
159 174 169 174
159 177 166 177
159 179 162 180
159 186 170 186
159 187 164 188
159 192 161 194
159 197 160 201
159 202 168 202
159 218 161 220
160 0 171 0
160 3 162 6
160 13 162 15
160 16 162 19
160 36 163 37
160 42 171 42
160 43 165 44
160 53 161 57
160 83 163 84
160 99 165 100
160 103 168 103
160 110 169 110
160 114 164 115
160 133 160 140
160 141 162 143
160 144 168 144
160 147 161 151
160 153 164 154
160 164 165 165
160 175 170 175
160 178 168 178
160 205 167 205
160 214 167 214
160 224 163 225
160 249 167 249
161 27 168 27
161 62 164 64
161 68 163 70
161 78 163 80
161 87 164 89
161 101 172 101
161 105 170 105
161 117 163 119
161 122 172 122
161 133 162 136
161 137 163 139
161 162 164 163
161 197 162 200
161 208 163 211
161 226 163 228
161 229 169 229
161 235 164 236
161 238 163 240
161 241 168 241
161 248 169 248
162 8 169 8
162 10 165 12
162 22 163 25
162 26 170 26
162 28 163 31
162 32 164 35
162 39 165 40
162 46 171 46
162 51 170 51
162 53 163 57
162 59 173 59
162 71 164 73
162 90 173 90
162 97 167 98
162 111 166 112
162 128 165 130
162 146 163 149
162 150 166 151
162 159 164 161
162 169 164 172
162 181 163 184
162 185 169 185
162 190 163 194
162 216 172 216
162 218 164 220
162 231 170 231
162 237 172 237
162 244 169 244
163 3 165 6
163 13 163 20
163 61 171 61
163 65 168 66
163 85 171 85
163 93 165 95
163 107 167 108
163 121 171 121
163 123 167 124
163 133 165 136
163 140 165 142
163 143 170 143
163 179 174 179
163 195 164 198
163 199 166 200
163 217 170 217
163 221 166 222
163 230 170 230
163 234 172 234
164 9 171 9
164 13 164 20
164 22 165 25
164 28 166 30
164 36 167 38
164 53 165 57
164 60 173 60
164 68 166 70
164 78 166 80
164 83 167 84
164 102 173 102
164 104 171 104
164 113 171 113
164 117 167 119
164 126 172 126
164 132 172 132
164 137 167 139
164 146 166 149
164 166 173 166
164 180 166 183
164 184 174 184
164 190 165 194
164 203 171 203
164 208 165 211
164 213 172 213
164 224 165 227
164 228 173 228
164 238 167 239
164 240 172 240
165 1 176 1
165 13 165 20
165 31 167 34
165 35 172 35
165 48 174 48
165 49 175 49
165 58 173 58
165 62 167 64
165 71 167 73
165 77 173 77
165 81 174 81
165 87 168 89
165 92 173 92
165 114 169 115
165 116 174 116
165 125 174 125
165 153 168 154
165 156 169 157
165 159 166 162
165 163 176 163
165 169 166 172
165 173 176 173
165 187 168 189
165 195 167 198
165 201 176 201
165 218 168 220
165 232 174 232
165 233 176 233
165 235 169 236
165 246 175 246
166 3 168 5
166 6 176 6
166 10 166 18
166 19 167 23
166 24 169 25
166 39 168 41
166 43 170 44
166 50 174 50
166 53 167 56
166 57 174 57
166 74 169 75
166 82 174 82
166 91 174 91
166 93 168 95
166 99 170 100
166 106 175 106
166 127 168 130
166 131 175 131
166 134 171 135
166 136 176 136
166 141 174 141
166 142 176 142
166 164 170 165
166 167 173 167
166 190 167 194
166 207 167 212
166 224 167 227
167 10 167 18
167 28 170 30
167 52 177 52
167 67 169 69
167 70 176 70
167 78 172 79
167 80 174 80
167 86 177 86
167 96 174 96
167 111 170 112
167 120 178 120
167 146 168 150
167 151 171 152
167 159 169 161
167 162 175 162
167 168 178 168
167 169 170 171
167 177 175 177
167 180 170 182
167 183 177 183
167 199 172 200
167 204 175 204
167 206 177 206
167 215 174 215
167 221 170 222
168 10 168 19
168 20 169 23
168 31 170 34
168 36 170 38
168 45 179 45
168 53 170 56
168 62 171 63
168 64 177 64
168 71 171 73
168 83 172 84
168 97 172 98
168 107 170 109
168 117 170 119
168 123 172 124
168 133 179 133
168 137 169 140
168 145 175 145
168 176 175 176
168 190 169 193
168 194 170 197
168 198 179 198
168 205 176 205
168 207 169 210
168 211 179 211
168 212 177 212
168 214 177 214
168 224 172 225
168 226 173 227
168 238 171 239
168 242 172 243
168 249 178 249
169 2 171 5
169 7 177 7
169 10 172 12
169 13 177 13
169 14 172 16
169 17 172 19
169 27 177 27
169 39 172 41
169 47 176 47
169 65 172 66
169 87 173 88
169 89 179 89
169 93 172 95
169 103 176 103
169 127 170 130
169 144 180 144
169 146 170 149
169 150 176 150
169 153 174 154
169 158 178 158
169 178 179 178
169 187 171 189
169 202 177 202
169 218 171 220
169 247 180 247
170 8 177 8
170 20 171 24
170 25 178 25
170 67 172 69
170 74 173 75
170 114 174 115
170 137 173 139
170 155 172 157
170 159 173 160
170 185 179 185
170 190 172 193
170 207 172 209
170 223 177 223
170 229 179 229
170 235 174 236
170 244 174 245
170 248 178 248
171 28 172 32
171 36 173 38
171 43 181 43
171 44 180 44
171 51 178 51
171 53 173 55
171 56 178 56
171 76 179 76
171 99 176 100
171 105 182 105
171 107 172 111
171 112 182 112
171 117 173 119
171 127 172 130
171 143 182 143
171 146 173 149
171 164 176 165
171 169 173 171
171 172 182 172
171 174 175 175
171 180 176 181
171 182 178 182
171 186 178 186
171 194 172 197
171 217 180 217
171 221 174 222
171 230 174 231
172 0 180 0
172 2 175 3
172 4 181 4
172 9 181 9
172 20 173 24
172 26 183 26
172 34 183 34
172 42 179 42
172 46 182 46
172 61 177 62
172 63 180 63
172 71 175 72
172 73 180 73
172 104 180 104
172 113 180 113
172 134 176 135
172 151 176 152
172 161 183 161
172 187 174 189
172 218 174 220
172 238 179 238
172 239 183 239
173 5 184 5
173 10 176 12
173 14 174 19
173 28 174 32
173 35 180 35
173 39 177 40
173 41 182 41
173 65 174 69
173 83 176 84
173 93 175 95
173 97 178 98
173 101 180 101
173 107 176 109
173 110 176 111
173 121 176 123
173 126 174 129
173 130 181 130
173 155 175 157
173 190 174 194
173 195 175 197
173 199 177 200
173 207 175 209
173 213 182 213
173 216 180 216
173 224 181 224
173 234 180 234
173 237 184 237
173 240 174 243
174 20 175 24
174 33 185 33
174 36 176 38
174 53 176 55
174 58 177 59
174 60 181 60
174 74 178 75
174 77 177 78
174 79 185 79
174 85 185 85
174 87 179 88
174 90 181 90
174 92 182 92
174 102 184 102
174 117 176 119
174 137 175 140
174 146 176 149
174 159 179 160
174 166 178 167
174 170 179 171
174 226 177 228
175 14 176 17
175 18 179 19
175 28 177 30
175 31 178 32
175 50 185 50
175 57 184 57
175 65 176 68
175 69 182 69
175 80 177 82
175 91 185 91
175 96 182 96
175 114 177 116
175 124 176 129
175 141 185 141
175 154 183 154
175 169 186 169
175 179 182 179
175 184 186 184
175 187 176 191
175 192 177 194
175 210 186 210
175 215 184 215
175 218 176 221
175 222 185 222
175 230 178 231
175 232 184 232
175 235 179 236
175 240 176 245
176 2 180 3
176 20 178 23
176 24 186 24
176 48 187 48
176 71 179 72
176 93 179 95
176 106 184 106
176 131 181 132
176 137 178 139
176 145 183 145
176 155 179 157
176 162 183 162
176 174 177 177
176 195 179 196
176 203 181 204
176 207 178 209
176 246 185 246
177 6 185 6
177 10 179 12
177 14 178 17
177 36 179 38
177 47 184 47
177 49 188 49
177 54 182 55
177 65 179 68
177 83 186 83
177 84 188 84
177 99 188 99
177 100 185 100
177 103 186 103
177 107 179 110
177 111 188 111
177 117 179 119
177 121 178 124
177 125 179 127
177 128 180 129
177 134 179 136
177 142 184 142
177 146 178 151
177 152 186 152
177 163 179 165
177 173 184 173
177 180 180 181
177 187 179 189
177 190 182 191
177 201 185 201
177 205 185 205
177 218 178 221
177 233 187 233
177 240 178 243
178 1 189 1
178 7 181 8
178 13 186 13
178 27 179 30
178 39 182 40
178 52 183 53
178 58 181 59
178 61 182 62
178 64 185 64
178 77 181 78
178 80 181 82
178 86 185 86
178 114 180 116
178 153 189 153
178 174 180 177
178 183 185 183
178 192 181 194
178 199 181 200
178 202 187 202
178 206 185 206
178 212 186 212
178 214 187 214
178 223 185 223
178 225 180 227
178 228 185 228
178 245 189 245
179 14 184 15
179 16 184 17
179 20 182 22
179 23 186 23
179 31 184 32
179 56 186 56
179 74 184 75
179 97 183 98
179 120 180 123
179 124 188 124
179 137 180 140
179 146 180 150
179 151 187 151
179 166 182 168
179 182 188 182
179 186 186 186
179 197 190 197
179 207 181 209
179 218 181 220
179 221 189 221
179 230 184 231
179 240 180 244
179 248 182 249
180 10 182 12
180 18 184 19
180 27 181 30
180 36 182 38
180 42 187 42
180 45 189 45
180 65 181 68
180 70 184 71
180 72 190 72
180 76 190 76
180 87 182 89
180 93 184 94
180 107 182 109
180 110 187 110
180 117 183 119
180 125 183 126
180 127 187 127
180 133 182 136
180 155 181 160
180 163 182 165
180 170 185 171
180 178 191 178
180 185 188 185
180 187 183 188
180 189 189 189
180 195 184 196
180 198 190 198
180 211 190 211
180 229 187 229
180 235 184 236
180 238 187 238
181 0 191 0
181 2 185 3
181 25 192 25
181 35 192 35
181 44 192 44
181 51 192 51
181 63 189 63
181 73 188 73
181 101 189 101
181 104 190 104
181 113 183 116
181 120 182 123
181 128 185 129
181 137 183 140
181 146 183 148
181 149 186 150
181 174 190 174
181 175 184 177
181 180 184 181
181 216 186 217
181 227 190 227
181 234 190 234
181 240 182 243
181 244 192 244
181 247 189 247
182 4 189 4
182 7 185 9
182 27 183 30
182 43 190 43
182 58 185 59
182 66 185 68
182 77 186 78
182 80 184 82
182 90 192 90
182 130 185 132
182 144 193 144
182 155 183 160
182 192 184 194
182 199 186 200
182 203 185 204
182 207 187 208
182 209 191 209
182 218 185 220
182 224 185 226
183 10 186 11
183 12 190 12
183 20 186 22
183 36 184 40
183 46 193 46
183 55 192 55
183 60 194 60
183 61 192 61
183 62 193 62
183 69 192 69
183 87 186 89
183 92 192 92
183 95 194 95
183 96 193 96
183 105 190 105
183 107 186 109
183 112 194 112
183 120 184 123
183 134 186 136
183 143 190 143
183 163 184 167
183 168 190 168
183 172 194 172
183 179 192 179
183 190 187 191
183 213 194 213
183 240 184 243
183 248 188 249
184 26 185 29
184 30 192 30
184 34 192 34
184 52 187 53
184 54 195 54
184 97 187 98
184 113 185 117
184 118 188 119
184 125 188 126
184 133 195 133
184 137 185 140
184 145 186 147
184 154 184 161
184 162 192 162
184 187 188 188
184 239 191 239
185 5 195 5
185 14 186 18
185 19 192 19
185 31 190 32
185 36 186 39
185 40 189 41
185 47 196 47
185 57 196 57
185 70 189 71
185 74 188 75
185 80 187 82
185 93 188 94
185 102 192 102
185 106 192 106
185 120 186 123
185 142 193 142
185 154 186 159
185 160 188 161
185 163 186 166
185 173 194 173
185 175 194 175
185 176 190 177
185 180 189 181
185 192 186 195
185 196 193 196
185 215 192 215
185 230 187 232
185 235 188 237
185 240 187 243
186 2 191 3
186 6 188 9
186 26 188 28
186 29 193 29
186 33 193 33
186 50 193 50
186 58 193 58
186 59 196 59
186 64 188 67
186 79 193 79
186 85 190 86
186 91 193 91
186 113 187 117
186 128 187 132
186 137 187 141
186 148 197 148
186 170 191 171
186 183 195 183
186 201 197 201
186 203 188 205
186 206 193 206
186 218 188 220
186 222 189 223
186 224 193 224
186 225 196 225
186 226 196 226
186 246 196 246
187 10 191 11
187 13 188 18
187 20 188 24
187 36 188 39
187 56 196 56
187 77 191 78
187 83 195 83
187 87 196 87
187 88 192 89
187 103 196 103
187 107 190 109
187 120 189 123
187 134 196 134
187 135 197 135
187 145 189 147
187 149 191 150
187 152 194 152
187 154 188 157
187 158 191 159
187 163 188 167
187 169 196 169
187 184 196 184
187 186 194 186
187 192 189 195
187 200 195 200
187 210 194 210
187 212 194 212
187 216 191 217
187 228 198 228
188 42 195 42
188 48 197 48
188 52 191 53
188 80 191 82
188 97 191 98
188 113 189 116
188 127 189 131
188 132 195 132
188 136 189 140
188 151 197 151
188 202 197 202
188 207 192 208
188 214 195 214
188 229 189 233
188 240 189 243
189 6 190 9
189 13 190 18
189 20 190 23
189 26 191 28
189 37 194 38
189 39 197 39
189 49 198 49
189 64 190 67
189 73 194 74
189 75 198 75
189 93 193 94
189 99 192 100
189 117 192 119
189 124 191 126
189 154 190 157
189 160 193 161
189 163 192 165
189 182 196 182
189 185 197 185
189 187 193 188
189 203 191 205
189 218 191 220
189 235 194 236
189 237 198 237
189 248 192 249
190 4 199 4
190 40 197 40
190 45 197 45
190 63 197 63
190 70 195 71
190 101 198 101
190 113 193 115
190 116 197 116
190 120 191 123
190 127 192 129
190 130 193 131
190 136 191 139
190 140 195 141
190 145 192 147
190 153 199 153
190 180 193 181
190 189 191 192
190 193 198 193
190 194 195 195
190 221 193 223
190 229 191 233
190 240 191 243
190 245 198 245
190 247 197 247
191 6 193 8
191 12 192 17
191 20 192 24
191 31 195 32
191 43 199 43
191 64 192 67
191 72 199 72
191 76 199 76
191 84 193 86
191 107 194 109
191 154 193 156
191 167 195 168
191 174 199 174
191 176 195 177
191 197 194 199
191 234 198 234
192 0 194 2
192 9 194 11
192 26 194 28
192 52 195 53
192 77 196 78
192 80 195 82
192 110 197 111
192 120 193 123
192 124 194 126
192 136 194 138
192 149 196 150
192 157 194 159
192 170 195 171
192 178 199 178
192 189 194 192
192 203 195 205
192 216 193 220
192 229 193 232
192 233 199 233
192 238 193 241
192 242 197 243
193 12 193 22
193 23 196 24
193 34 195 36
193 64 194 67
193 68 197 69
193 88 195 90
193 104 195 106
193 117 196 119
193 127 195 129
193 145 195 147
193 162 194 166
193 207 195 209
193 248 196 249
194 6 196 8
194 12 194 19
194 20 197 22
194 29 198 30
194 50 199 51
194 61 198 62
194 84 199 85
194 91 196 93
194 96 196 98
194 113 197 114
194 120 196 122
194 130 197 131
194 142 196 144
194 154 197 156
194 160 199 161
194 179 196 181
194 187 198 188
194 215 197 217
194 218 195 223
194 229 196 232
194 238 196 240
195 0 197 3
195 9 195 17
195 25 196 28
195 64 197 67
195 94 198 95
195 107 198 109
195 136 196 139
195 157 198 158
195 162 198 164
195 189 196 192
195 196 196 199
195 210 196 213
196 9 197 14
196 31 198 33
196 34 199 36
196 41 199 42
196 52 198 54
196 79 197 82
196 104 199 106
196 123 199 125
196 126 198 129
196 165 198 168
196 170 197 173
196 175 198 177
196 203 199 205
196 206 199 208
196 218 197 221
196 222 198 224
197 5 199 7
197 23 199 26
197 55 198 60
197 90 199 93
197 117 199 120
197 136 197 143
197 179 199 182
197 194 198 197
197 198 199 200
197 209 198 213
197 225 199 227
197 229 199 232
197 238 199 241
198 0 199 3
198 8 198 15
198 37 199 40
198 63 199 68
198 110 199 115
198 130 198 140
198 141 199 144
198 147 199 152
198 183 199 186
198 214 199 219
199 8 199 15
199 52 199 59
199 126 199 133
199 162 199 169
199 187 199 197
