4030
0 0 11 0
0 1 11 1
0 2 11 2
0 3 11 3
0 4 11 4
0 5 11 5
0 6 11 6
0 7 11 7
0 8 11 8
0 9 5 10
0 11 11 11
0 12 11 12
0 13 11 13
0 14 11 14
0 15 11 15
0 16 11 16
0 17 5 18
0 19 11 19
0 20 11 20
0 21 11 21
0 22 11 22
0 23 11 23
0 24 11 24
0 25 11 25
0 26 11 26
0 27 11 27
0 28 11 28
0 29 11 29
0 30 11 30
0 31 11 31
0 32 5 33
0 34 11 34
0 35 0 46
0 47 11 47
0 48 11 48
0 49 11 49
0 50 11 50
0 51 11 51
0 52 11 52
0 53 11 53
0 54 11 54
0 55 11 55
0 56 11 56
0 57 11 57
0 58 11 58
0 59 11 59
0 60 11 60
0 61 11 61
0 62 11 62
0 63 11 63
0 64 11 64
0 65 11 65
0 66 11 66
0 67 11 67
0 68 11 68
0 69 11 69
0 70 5 71
0 72 11 72
0 73 11 73
0 74 11 74
0 75 11 75
0 76 11 76
0 77 11 77
0 78 11 78
0 79 5 80
0 81 11 81
0 82 11 82
0 83 11 83
0 84 11 84
0 85 11 85
0 86 5 87
0 88 11 88
0 89 11 89
0 90 11 90
0 91 11 91
0 92 11 92
0 93 5 94
0 95 11 95
0 96 11 96
0 97 11 97
0 98 11 98
0 99 11 99
0 100 11 100
0 101 11 101
0 102 11 102
0 103 11 103
0 104 11 104
0 105 11 105
0 106 11 106
0 107 11 107
0 108 11 108
0 109 11 109
0 110 5 111
0 112 5 113
0 114 11 114
0 115 11 115
0 116 11 116
0 117 11 117
0 118 11 118
0 119 11 119
0 120 11 120
0 121 11 121
0 122 11 122
0 123 11 123
0 124 11 124
0 125 11 125
0 126 11 126
0 127 11 127
0 128 11 128
0 129 11 129
0 130 11 130
0 131 11 131
0 132 11 132
0 133 11 133
0 134 11 134
0 135 11 135
0 136 11 136
0 137 11 137
0 138 11 138
0 139 11 139
0 140 11 140
0 141 11 141
0 142 11 142
0 143 11 143
0 144 11 144
0 145 11 145
0 146 11 146
0 147 5 148
0 149 11 149
0 150 11 150
0 151 11 151
0 152 11 152
0 153 11 153
0 154 11 154
0 155 11 155
0 156 11 156
0 157 11 157
0 158 11 158
0 159 11 159
0 160 11 160
0 161 11 161
0 162 11 162
0 163 11 163
0 164 11 164
0 165 11 165
0 166 11 166
0 167 11 167
0 168 11 168
0 169 11 169
0 170 11 170
0 171 11 171
0 172 11 172
0 173 11 173
0 174 11 174
0 175 11 175
0 176 11 176
0 177 11 177
0 178 11 178
0 179 11 179
0 180 5 181
0 182 5 183
0 184 11 184
0 185 11 185
0 186 11 186
0 187 11 187
0 188 11 188
0 189 11 189
0 190 11 190
0 191 11 191
0 192 11 192
0 193 11 193
0 194 11 194
0 195 11 195
0 196 11 196
0 197 11 197
0 198 11 198
0 199 11 199
0 200 11 200
0 201 11 201
0 202 11 202
0 203 11 203
0 204 11 204
0 205 11 205
0 206 11 206
0 207 11 207
0 208 11 208
0 209 11 209
0 210 5 211
0 212 11 212
0 213 11 213
0 214 11 214
0 215 11 215
0 216 11 216
0 217 11 217
0 218 11 218
0 219 11 219
0 220 11 220
0 221 11 221
0 222 11 222
0 223 11 223
0 224 11 224
0 225 11 225
0 226 11 226
0 227 11 227
0 228 11 228
0 229 11 229
0 230 5 231
0 232 11 232
0 233 11 233
0 234 11 234
0 235 11 235
0 236 11 236
0 237 11 237
0 238 11 238
0 239 11 239
0 240 11 240
0 241 11 241
0 242 11 242
0 243 11 243
0 244 11 244
0 245 11 245
0 246 11 246
0 247 11 247
0 248 11 248
0 249 11 249
1 35 1 46
2 35 13 35
2 36 13 36
2 37 13 37
2 38 13 38
2 39 13 39
2 40 13 40
2 41 13 41
2 42 13 42
2 43 13 43
2 44 13 44
2 45 13 45
2 46 13 46
6 9 11 10
6 17 11 18
6 32 17 32
6 33 17 33
6 79 17 79
6 80 17 80
6 86 17 86
6 87 17 87
6 93 11 94
6 110 17 110
6 111 17 111
6 112 17 112
6 113 17 113
6 147 11 148
6 180 17 180
6 181 17 181
6 182 17 182
6 183 17 183
6 210 17 210
6 211 17 211
6 230 17 230
6 231 17 231
7 70 18 70
7 71 18 71
12 0 23 0
12 1 23 1
12 2 23 2
12 3 23 3
12 4 12 15
12 16 12 27
12 28 23 28
12 29 17 30
12 34 23 34
12 47 23 47
12 48 23 48
12 49 23 49
12 50 23 50
12 51 23 51
12 52 23 52
12 53 23 53
12 54 23 54
12 55 23 55
12 56 23 56
12 57 23 57
12 58 23 58
12 59 23 59
12 60 23 60
12 61 23 61
12 62 23 62
12 63 23 63
12 64 23 64
12 65 23 65
12 66 23 66
12 67 23 67
12 68 23 68
12 69 23 69
12 72 23 72
12 73 23 73
12 74 23 74
12 75 17 76
12 77 23 77
12 81 23 81
12 82 23 82
12 84 23 84
12 85 23 85
12 88 23 88
12 89 23 89
12 90 23 90
12 91 23 91
12 92 23 92
12 93 23 93
12 94 23 94
12 95 17 96
12 97 23 97
12 98 23 98
12 99 23 99
12 100 23 100
12 101 23 101
12 102 23 102
12 103 14 106
12 107 23 107
12 108 23 108
12 109 23 109
12 114 23 114
12 115 23 115
12 116 23 116
12 117 17 118
12 119 23 119
12 120 17 121
12 122 23 122
12 123 23 123
12 124 23 124
12 125 23 125
12 126 23 126
12 127 23 127
12 128 23 128
12 129 17 130
12 131 23 131
12 132 23 132
12 133 17 134
12 135 23 135
12 136 23 136
12 137 17 138
12 139 23 139
12 140 23 140
12 141 23 141
12 142 17 143
12 144 23 144
12 145 23 145
12 146 23 146
12 147 23 147
12 148 23 148
12 149 23 149
12 150 23 150
12 151 23 151
12 152 23 152
12 153 23 153
12 154 23 154
12 155 23 155
12 156 17 157
12 158 23 158
12 159 23 159
12 160 23 160
12 161 23 161
12 162 17 163
12 164 23 164
12 165 23 165
12 166 23 166
12 167 23 167
12 168 17 169
12 170 23 170
12 171 23 171
12 172 23 172
12 173 23 173
12 174 23 174
12 175 23 175
12 176 17 177
12 178 23 178
12 179 23 179
12 184 23 184
12 185 23 185
12 186 23 186
12 187 23 187
12 188 23 188
12 189 23 189
12 190 23 190
12 191 23 191
12 192 23 192
12 193 23 193
12 194 23 194
12 195 23 195
12 196 23 196
12 197 23 197
12 198 23 198
12 199 23 199
12 200 23 200
12 201 17 202
12 203 23 203
12 204 23 204
12 205 17 206
12 207 23 207
12 208 23 208
12 209 23 209
12 212 23 212
12 213 23 213
12 214 23 214
12 215 23 215
12 216 23 216
12 217 23 217
12 218 23 218
12 219 23 219
12 220 17 221
12 222 23 222
12 223 23 223
12 224 23 224
12 225 23 225
12 227 17 228
12 229 23 229
12 232 23 232
12 233 23 233
12 234 23 234
12 235 17 236
12 237 17 238
12 239 23 239
12 240 23 240
12 241 23 241
12 242 23 242
12 243 23 243
12 244 23 244
12 245 23 245
12 246 23 246
12 247 23 247
12 248 23 248
12 249 23 249
13 4 24 4
13 5 24 5
13 6 24 6
13 7 14 12
13 13 24 13
13 14 18 15
13 16 18 17
13 18 24 18
13 19 24 19
13 20 24 20
13 21 18 22
13 23 24 23
13 24 24 24
13 25 24 25
13 26 24 26
13 27 24 27
14 35 25 35
14 36 25 36
14 37 25 37
14 38 25 38
14 39 25 39
14 40 25 40
14 41 25 41
14 42 25 42
14 43 25 43
14 44 25 44
14 45 19 46
14 83 25 83
15 7 16 12
15 31 26 31
15 78 26 78
15 103 26 103
15 104 26 104
15 105 26 105
15 106 26 106
17 7 22 8
17 9 28 9
17 10 28 10
17 11 28 11
17 12 28 12
18 30 29 30
18 32 29 32
18 33 29 33
18 75 29 75
18 76 29 76
18 79 29 79
18 86 29 86
18 87 29 87
18 95 29 95
18 96 29 96
18 110 29 110
18 111 29 111
18 112 29 112
18 113 29 113
18 117 29 117
18 118 29 118
18 120 29 120
18 121 29 121
18 129 23 130
18 133 29 133
18 137 29 137
18 138 29 138
18 142 29 142
18 143 29 143
18 156 29 156
18 157 29 157
18 162 29 162
18 163 29 163
18 168 29 168
18 169 29 169
18 176 29 176
18 180 29 180
18 181 29 181
18 182 29 182
18 183 29 183
18 201 29 201
18 202 29 202
18 205 29 205
18 206 29 206
18 210 29 210
18 211 29 211
18 220 29 220
18 221 29 221
18 226 21 228
18 230 29 230
18 235 29 235
18 236 29 236
18 237 29 237
18 238 29 238
19 14 22 16
19 17 30 17
19 21 24 22
19 71 30 71
19 177 30 177
20 45 31 45
20 46 31 46
20 70 31 70
20 80 31 80
20 231 31 231
22 226 33 226
22 227 33 227
22 228 33 228
23 7 34 7
23 8 34 8
23 14 34 14
23 15 34 15
23 16 34 16
24 0 35 0
24 1 35 1
24 3 35 3
24 28 35 28
24 34 35 34
24 47 35 47
24 48 35 48
24 49 35 49
24 50 35 50
24 51 35 51
24 52 35 52
24 53 35 53
24 54 35 54
24 55 35 55
24 56 35 56
24 57 35 57
24 58 35 58
24 59 35 59
24 60 35 60
24 61 35 61
24 62 35 62
24 63 35 63
24 64 35 64
24 65 35 65
24 66 35 66
24 67 35 67
24 68 35 68
24 69 35 69
24 72 35 72
24 73 29 74
24 77 35 77
24 81 29 82
24 84 35 84
24 85 35 85
24 88 35 88
24 89 35 89
24 90 29 91
24 92 35 92
24 93 35 93
24 94 35 94
24 97 35 97
24 98 35 98
24 99 35 99
24 100 35 100
24 101 35 101
24 102 35 102
24 107 35 107
24 108 35 108
24 109 35 109
24 114 35 114
24 115 35 115
24 116 35 116
24 119 35 119
24 122 29 123
24 124 29 125
24 126 35 126
24 127 35 127
24 128 35 128
24 129 29 130
24 131 29 132
24 134 29 135
24 136 35 136
24 139 35 139
24 140 35 140
24 141 35 141
24 144 35 144
24 145 35 145
24 146 35 146
24 147 35 147
24 148 35 148
24 149 35 149
24 150 35 150
24 151 35 151
24 152 35 152
24 153 35 153
24 154 35 154
24 155 35 155
24 158 29 159
24 161 35 161
24 164 35 164
24 165 35 165
24 166 35 166
24 167 35 167
24 170 35 170
24 171 35 171
24 172 35 172
24 173 35 173
24 174 35 174
24 178 35 178
24 179 35 179
24 184 35 184
24 185 35 185
24 186 35 186
24 187 35 187
24 188 35 188
24 189 35 189
24 190 35 190
24 191 35 191
24 192 35 192
24 193 35 193
24 194 29 195
24 196 29 197
24 198 35 198
24 199 29 200
24 203 35 203
24 207 35 207
24 208 29 209
24 212 35 212
24 213 35 213
24 214 35 214
24 215 35 215
24 216 35 216
24 217 35 217
24 218 35 218
24 219 35 219
24 222 29 223
24 224 35 224
24 225 35 225
24 229 35 229
24 232 27 234
24 239 35 239
24 240 29 241
24 242 35 242
24 243 35 243
24 244 35 244
24 245 35 245
24 246 35 246
24 247 29 248
24 249 35 249
25 4 30 5
25 6 36 6
25 13 36 13
25 18 36 18
25 19 28 21
25 22 30 23
25 24 30 25
25 26 36 26
25 27 36 27
26 2 37 2
26 35 27 40
26 41 37 41
26 42 37 42
26 43 37 43
26 44 37 44
26 83 37 83
27 31 38 31
27 78 38 78
27 103 38 103
27 104 38 104
27 106 38 106
28 29 39 29
28 35 33 36
28 37 39 37
28 38 39 38
28 39 39 39
28 160 39 160
28 204 39 204
28 232 39 232
28 233 39 233
28 234 39 234
29 9 40 9
29 10 40 10
29 11 40 11
29 12 40 12
29 19 40 19
29 20 40 20
30 21 41 21
30 30 41 30
30 32 41 32
30 33 41 33
30 74 33 76
30 79 41 79
30 81 35 82
30 86 35 87
30 90 35 91
30 95 41 95
30 96 41 96
30 110 35 111
30 112 41 112
30 117 41 117
30 118 41 118
30 120 41 120
30 121 41 121
30 122 41 122
30 123 41 123
30 124 41 124
30 125 41 125
30 129 41 129
30 130 41 130
30 131 41 131
30 132 35 133
30 134 41 134
30 135 41 135
30 137 41 137
30 138 41 138
30 142 41 142
30 143 41 143
30 156 41 156
30 157 41 157
30 158 41 158
30 159 41 159
30 163 41 163
30 168 41 168
30 176 41 176
30 180 41 180
30 181 41 181
30 182 41 182
30 183 41 183
30 194 41 194
30 195 33 197
30 199 33 201
30 202 41 202
30 205 41 205
30 206 41 206
30 208 41 208
30 209 41 209
30 210 41 210
30 211 41 211
30 220 41 220
30 221 41 221
30 222 41 222
30 223 41 223
30 230 41 230
30 235 41 235
30 236 41 236
30 237 41 237
30 240 41 240
30 241 41 241
30 247 41 247
30 248 41 248
31 4 36 5
31 17 42 17
31 22 42 22
31 23 42 23
31 24 42 24
31 25 42 25
31 71 42 71
31 105 42 105
31 169 42 169
31 177 42 177
32 80 43 80
32 231 43 231
33 238 44 238
34 35 45 35
34 36 45 36
34 70 45 70
34 73 45 73
34 74 45 74
34 75 45 75
34 76 45 76
34 162 45 162
34 195 39 196
34 197 45 197
34 200 45 200
34 201 45 201
34 226 45 226
34 227 45 227
34 228 45 228
35 7 46 7
35 8 46 8
35 14 46 14
35 15 46 15
35 16 46 16
35 199 46 199
36 1 47 1
36 3 47 3
36 28 47 28
36 34 47 34
36 45 41 46
36 47 47 47
36 48 47 48
36 49 47 49
36 50 47 50
36 51 47 51
36 52 47 52
36 53 47 53
36 54 47 54
36 55 47 55
36 56 36 67
36 68 47 68
36 69 47 69
36 72 47 72
36 77 47 77
36 81 47 81
36 84 47 84
36 85 47 85
36 86 47 86
36 87 47 87
36 88 47 88
36 89 47 89
36 90 47 90
36 91 47 91
36 92 47 92
36 93 47 93
36 94 47 94
36 97 47 97
36 98 47 98
36 99 47 99
36 100 41 101
36 102 47 102
36 107 47 107
36 108 47 108
36 109 47 109
36 110 47 110
36 111 47 111
36 113 41 114
36 115 47 115
36 116 47 116
36 119 47 119
36 126 47 126
36 127 47 127
36 128 47 128
36 133 47 133
36 136 47 136
36 139 47 139
36 140 47 140
36 141 47 141
36 144 47 144
36 145 47 145
36 146 37 151
36 152 47 152
36 153 41 154
36 155 47 155
36 161 47 161
36 164 47 164
36 165 47 165
36 166 47 166
36 167 47 167
36 170 47 170
36 171 47 171
36 172 47 172
36 173 47 173
36 174 47 174
36 178 41 179
36 184 47 184
36 185 47 185
36 186 47 186
36 187 47 187
36 188 47 188
36 189 41 190
36 191 47 191
36 192 47 192
36 193 47 193
36 198 47 198
36 203 47 203
36 207 47 207
36 212 37 217
36 218 47 218
36 219 47 219
36 224 47 224
36 229 47 229
36 239 47 239
36 242 47 242
36 243 47 243
36 244 47 244
36 245 47 245
36 246 47 246
36 249 47 249
37 4 48 4
37 5 48 5
37 6 48 6
37 13 48 13
37 18 48 18
37 27 48 27
37 56 37 67
37 82 48 82
37 225 48 225
38 2 49 2
38 26 49 26
38 40 49 40
38 41 49 41
38 42 49 42
38 43 49 43
38 44 49 44
38 56 38 67
38 83 49 83
38 146 49 146
38 147 49 147
38 148 49 148
38 149 49 149
38 150 49 150
38 151 49 151
38 212 39 217
39 31 50 31
39 57 50 57
39 58 50 58
39 59 50 59
39 60 50 60
39 61 50 61
39 62 50 62
39 63 50 63
39 64 50 64
39 65 50 65
39 66 44 67
39 78 50 78
39 103 50 103
39 104 50 104
39 106 50 106
40 29 51 29
40 37 51 37
40 38 51 38
40 39 51 39
40 160 51 160
40 195 51 195
40 196 51 196
40 204 51 204
40 212 51 212
40 213 51 213
40 214 51 214
40 215 51 215
40 232 51 232
40 233 51 233
40 234 51 234
41 9 52 9
41 10 52 10
41 11 52 11
41 12 52 12
41 19 46 20
42 0 53 0
42 21 53 21
42 30 53 30
42 32 47 33
42 45 53 45
42 46 53 46
42 79 53 79
42 95 53 95
42 96 53 96
42 100 47 101
42 112 53 112
42 113 53 113
42 114 53 114
42 117 53 117
42 120 53 120
42 121 53 121
42 122 53 122
42 123 53 123
42 124 53 124
42 125 53 125
42 129 53 129
42 130 53 130
42 134 53 134
42 135 53 135
42 137 53 137
42 138 53 138
42 142 53 142
42 154 53 154
42 156 53 156
42 157 53 157
42 158 53 158
42 159 53 159
42 163 53 163
42 168 53 168
42 175 47 176
42 178 53 178
42 179 53 179
42 180 53 180
42 181 53 181
42 182 53 182
42 183 53 183
42 189 53 189
42 190 53 190
42 194 53 194
42 205 53 205
42 206 53 206
42 208 53 208
42 209 53 209
42 210 47 211
42 216 53 216
42 220 53 220
42 221 53 221
42 222 53 222
42 223 53 223
42 230 53 230
42 235 53 235
42 236 53 236
42 240 53 240
42 241 53 241
42 247 53 247
42 248 53 248
43 17 54 17
43 22 54 22
43 23 48 24
43 25 54 25
43 71 54 71
43 105 54 105
43 118 54 118
43 169 54 169
43 177 54 177
44 80 55 80
44 131 55 131
44 231 55 231
44 237 55 237
45 66 56 66
45 67 56 67
45 143 56 143
45 153 56 153
45 202 56 202
45 238 56 238
46 35 57 35
46 36 57 36
46 70 57 70
46 73 57 73
46 74 57 74
46 75 57 75
46 76 57 76
46 162 57 162
46 200 57 200
46 201 57 201
46 217 57 217
46 226 57 226
46 227 57 227
47 7 58 7
47 8 58 8
47 14 58 14
47 15 58 15
47 16 58 16
47 19 58 19
47 20 58 20
47 56 58 56
47 199 58 199
48 1 59 1
48 3 59 3
48 28 59 28
48 32 59 32
48 33 59 33
48 34 59 34
48 47 59 47
48 48 59 48
48 49 51 51
48 52 59 52
48 53 59 53
48 54 53 55
48 68 59 68
48 69 59 69
48 72 59 72
48 81 59 81
48 84 59 84
48 85 59 85
48 86 59 86
48 87 59 87
48 88 59 88
48 89 53 90
48 91 59 91
48 92 53 93
48 94 59 94
48 97 59 97
48 98 59 98
48 99 59 99
48 100 59 100
48 101 59 101
48 107 59 107
48 108 59 108
48 109 59 109
48 110 59 110
48 111 59 111
48 115 59 115
48 116 59 116
48 119 59 119
48 126 53 127
48 128 59 128
48 132 53 133
48 136 59 136
48 139 59 139
48 140 59 140
48 141 59 141
48 144 59 144
48 145 59 145
48 152 59 152
48 155 59 155
48 161 59 161
48 164 59 164
48 165 59 165
48 166 59 166
48 167 59 167
48 170 59 170
48 171 59 171
48 172 59 172
48 173 51 175
48 176 59 176
48 184 59 184
48 185 59 185
48 186 59 186
48 187 59 187
48 188 59 188
48 191 59 191
48 192 59 192
48 193 59 193
48 197 59 197
48 198 59 198
48 203 59 203
48 210 53 211
48 218 53 219
48 224 59 224
48 228 53 229
48 239 59 239
48 242 59 242
48 243 53 244
48 245 53 246
48 249 59 249
49 4 60 4
49 5 60 5
49 6 60 6
49 13 60 13
49 23 60 23
49 24 60 24
49 27 60 27
49 77 60 77
49 225 60 225
50 2 61 2
50 26 61 26
50 40 61 40
50 41 61 41
50 42 55 43
50 44 61 44
50 82 61 82
50 102 61 102
50 146 51 151
50 207 61 207
51 31 62 31
51 57 62 57
51 58 62 58
51 59 62 59
51 60 62 60
51 61 62 61
51 62 53 65
51 78 62 78
51 103 62 103
51 104 62 104
51 106 62 106
52 29 63 29
52 37 63 37
52 38 63 38
52 39 63 39
52 49 55 51
52 146 63 146
52 147 63 147
52 148 63 148
52 149 63 149
52 150 63 150
52 151 63 151
52 160 63 160
52 173 63 173
52 174 63 174
52 175 63 175
52 195 63 195
52 196 63 196
52 204 63 204
52 212 63 212
52 213 63 213
52 214 63 214
52 215 63 215
52 232 63 232
52 233 63 233
52 234 63 234
53 9 64 9
53 10 64 10
53 11 64 11
53 12 64 12
54 0 65 0
54 21 65 21
54 30 65 30
54 46 65 46
54 54 65 54
54 55 65 55
54 63 65 63
54 64 65 64
54 65 65 65
54 83 65 83
54 89 65 89
54 90 65 90
54 93 65 93
54 95 65 95
54 96 65 96
54 112 65 112
54 113 65 113
54 114 65 114
54 117 65 117
54 120 65 120
54 121 59 122
54 123 59 124
54 125 65 125
54 126 65 126
54 127 65 127
54 129 65 129
54 130 65 130
54 132 59 133
54 134 65 134
54 135 65 135
54 137 65 137
54 138 65 138
54 154 65 154
54 156 59 157
54 158 65 158
54 159 65 159
54 163 65 163
54 168 65 168
54 178 65 178
54 179 65 179
54 180 65 180
54 181 65 181
54 182 65 182
54 183 65 183
54 189 65 189
54 194 65 194
54 205 65 205
54 206 65 206
54 208 65 208
54 209 65 209
54 210 65 210
54 211 65 211
54 218 65 218
54 219 65 219
54 220 65 220
54 221 65 221
54 222 65 222
54 223 65 223
54 228 59 229
54 230 65 230
54 235 65 235
54 240 65 240
54 241 65 241
54 243 59 244
54 245 57 247
54 248 65 248
55 17 66 17
55 22 66 22
55 25 66 25
55 71 66 71
55 105 66 105
55 118 66 118
55 142 66 142
55 169 66 169
55 177 66 177
55 190 66 190
56 42 67 42
56 43 67 43
56 45 67 45
56 49 67 49
56 50 67 50
56 51 67 51
56 79 61 80
56 92 67 92
56 131 67 131
56 216 67 216
56 236 61 237
57 18 68 18
57 66 68 66
57 67 68 67
57 143 68 143
57 153 68 153
57 202 68 202
57 231 68 231
57 238 68 238
58 35 69 35
58 36 69 36
58 62 69 62
58 70 69 70
58 73 69 73
58 74 69 74
58 75 69 75
58 76 69 76
58 162 69 162
58 200 69 200
58 201 69 201
58 217 69 217
58 226 69 226
58 227 69 227
58 245 69 245
58 246 69 246
58 247 69 247
59 7 70 7
59 8 70 8
59 14 70 14
59 15 70 15
59 16 70 16
59 19 70 19
59 20 70 20
59 56 70 56
59 199 70 199
60 1 71 1
60 3 71 3
60 28 71 28
60 32 71 32
60 33 71 33
60 47 71 47
60 48 71 48
60 52 71 52
60 68 71 68
60 69 71 69
60 72 71 72
60 81 71 81
60 84 65 85
60 86 71 86
60 87 71 87
60 91 71 91
60 94 71 94
60 97 71 97
60 98 71 98
60 99 71 99
60 100 65 101
60 107 71 107
60 108 71 108
60 109 71 109
60 110 71 110
60 111 71 111
60 119 71 119
60 121 71 121
60 122 63 124
60 132 71 132
60 133 71 133
60 136 71 136
60 139 71 139
60 140 71 140
60 141 71 141
60 144 71 144
60 145 71 145
60 152 71 152
60 155 71 155
60 156 71 156
60 157 71 157
60 161 71 161
60 164 71 164
60 165 71 165
60 166 65 167
60 171 71 171
60 172 71 172
60 176 71 176
60 184 71 184
60 185 71 185
60 186 71 186
60 187 71 187
60 188 71 188
60 191 71 191
60 192 65 193
60 197 71 197
60 198 71 198
60 203 71 203
60 224 71 224
60 229 71 229
60 242 71 242
60 243 71 243
60 244 71 244
60 249 71 249
61 4 72 4
61 5 72 5
61 13 72 13
61 23 72 23
61 24 72 24
61 27 72 27
61 225 72 225
62 2 73 2
62 26 73 26
62 34 73 34
62 40 73 40
62 44 73 44
62 79 73 79
62 80 73 80
62 82 73 82
62 88 73 88
62 102 73 102
62 116 73 116
62 207 73 207
62 228 73 228
62 237 73 237
63 31 74 31
63 57 74 57
63 58 66 60
63 61 74 61
63 77 68 78
63 103 74 103
63 106 74 106
63 128 74 128
64 29 75 29
64 37 75 37
64 38 75 38
64 39 75 39
64 41 75 41
64 53 75 53
64 122 75 122
64 123 75 123
64 124 75 124
64 146 75 146
64 147 75 147
64 148 75 148
64 149 75 149
64 150 69 151
64 160 75 160
64 173 75 173
64 174 75 174
64 175 75 175
64 195 75 195
64 196 75 196
64 204 75 204
64 212 75 212
64 213 75 213
64 214 75 214
64 215 75 215
64 232 69 233
64 234 75 234
65 9 76 9
65 10 76 10
65 11 76 11
65 12 76 12
65 115 76 115
66 0 77 0
66 6 77 6
66 21 77 21
66 46 77 46
66 54 77 54
66 55 77 55
66 63 77 63
66 64 77 64
66 83 77 83
66 84 77 84
66 85 77 85
66 89 77 89
66 90 77 90
66 93 77 93
66 95 77 95
66 96 77 96
66 100 77 100
66 101 77 101
66 112 77 112
66 113 71 114
66 117 77 117
66 125 77 125
66 126 77 126
66 127 77 127
66 129 77 129
66 130 77 130
66 134 71 135
66 137 77 137
66 138 77 138
66 158 77 158
66 159 77 159
66 163 77 163
66 166 77 166
66 167 77 167
66 168 77 168
66 178 77 178
66 179 77 179
66 180 77 180
66 181 77 181
66 183 77 183
66 192 77 192
66 193 77 193
66 194 77 194
66 205 77 205
66 206 77 206
66 208 77 208
66 209 77 209
66 210 71 211
66 218 77 218
66 219 77 219
66 220 77 220
66 221 71 222
66 223 77 223
66 230 77 230
66 235 77 235
66 239 69 241
66 248 77 248
67 17 78 17
67 25 78 25
67 58 78 58
67 59 78 59
67 71 78 71
67 104 78 104
67 118 78 118
67 120 78 120
67 142 78 142
67 169 78 169
67 170 78 170
67 177 78 177
67 189 72 190
67 236 78 236
68 42 79 42
68 49 79 49
68 50 79 50
68 51 79 51
68 60 79 60
68 92 79 92
68 105 79 105
68 131 79 131
68 154 79 154
68 216 79 216
69 18 80 18
69 30 80 30
69 45 80 45
69 65 74 66
69 67 80 67
69 77 80 77
69 78 80 78
69 143 80 143
69 153 80 153
69 202 80 202
69 231 80 231
69 238 80 238
70 22 81 22
70 35 81 35
70 36 81 36
70 62 81 62
70 73 81 73
70 74 75 75
70 150 81 150
70 151 81 151
70 200 81 200
70 217 81 217
70 226 81 226
70 227 81 227
70 232 81 232
70 233 81 233
70 239 73 241
70 245 81 245
70 246 81 246
70 247 81 247
71 7 76 8
71 14 82 14
71 15 82 15
71 16 82 16
71 19 76 20
71 43 82 43
71 56 82 56
72 1 83 1
72 3 83 3
72 28 83 28
72 32 83 32
72 47 83 47
72 48 83 48
72 52 83 52
72 68 83 68
72 69 83 69
72 72 83 72
72 81 83 81
72 86 83 86
72 87 83 87
72 91 83 91
72 94 83 94
72 97 83 97
72 98 83 98
72 99 83 99
72 107 83 107
72 108 77 109
72 111 83 111
72 113 83 113
72 114 83 114
72 121 83 121
72 132 83 132
72 133 83 133
72 134 83 134
72 135 83 135
72 136 83 136
72 139 83 139
72 140 77 141
72 144 83 144
72 145 83 145
72 152 83 152
72 156 83 156
72 157 83 157
72 161 83 161
72 162 83 162
72 164 83 164
72 165 83 165
72 171 83 171
72 172 83 172
72 176 83 176
72 184 77 185
72 186 77 187
72 188 83 188
72 191 83 191
72 197 83 197
72 198 83 198
72 203 83 203
72 210 83 210
72 211 83 211
72 221 77 222
72 224 83 224
72 229 83 229
72 242 77 243
72 244 83 244
72 249 83 249
73 4 84 4
73 5 84 5
73 13 84 13
73 23 84 23
73 24 84 24
73 189 84 189
73 190 84 190
73 225 84 225
74 26 85 26
74 27 85 27
74 33 85 33
74 34 85 34
74 40 85 40
74 44 85 44
74 79 85 79
74 80 85 80
74 82 85 82
74 88 85 88
74 102 85 102
74 116 85 116
74 201 85 201
74 207 85 207
74 228 85 228
74 237 85 237
75 31 86 31
75 57 86 57
75 61 86 61
75 65 86 65
75 66 86 66
75 103 86 103
75 106 86 106
75 110 86 110
75 119 86 119
75 128 86 128
75 239 86 239
76 2 87 2
76 29 87 29
76 37 87 37
76 38 87 38
76 39 87 39
76 41 87 41
76 53 87 53
76 74 87 74
76 75 87 75
76 122 87 122
76 123 87 123
76 124 87 124
76 146 87 146
76 147 87 147
76 148 87 148
76 149 87 149
76 155 87 155
76 160 87 160
76 173 87 173
76 174 87 174
76 175 87 175
76 204 87 204
76 212 87 212
76 214 87 214
76 215 87 215
76 234 87 234
77 7 88 7
77 8 88 8
77 9 88 9
77 10 88 10
77 11 88 11
77 19 88 19
77 20 88 20
77 115 88 115
77 213 88 213
78 0 89 0
78 6 89 6
78 21 89 21
78 46 89 46
78 54 89 54
78 63 89 63
78 64 89 64
78 83 89 83
78 84 89 84
78 85 89 85
78 89 89 89
78 90 89 90
78 93 89 93
78 95 83 96
78 101 89 101
78 108 89 108
78 109 89 109
78 112 89 112
78 125 89 125
78 126 89 126
78 127 89 127
78 129 89 129
78 130 89 130
78 137 89 137
78 138 89 138
78 140 89 140
78 141 89 141
78 158 89 158
78 159 89 159
78 163 89 163
78 166 89 166
78 167 89 167
78 168 89 168
78 178 89 178
78 179 89 179
78 180 89 180
78 181 89 181
78 182 79 187
78 192 89 192
78 193 89 193
78 199 89 199
78 205 89 205
78 206 89 206
78 208 89 208
78 209 89 209
78 218 89 218
78 219 89 219
78 220 89 220
78 221 89 221
78 222 89 222
78 223 89 223
78 230 89 230
78 235 89 235
78 240 81 242
78 248 89 248
79 17 90 17
79 25 90 25
79 58 90 58
79 59 90 59
79 70 84 71
79 76 90 76
79 100 90 100
79 104 90 104
79 117 90 117
79 118 90 118
79 142 90 142
79 169 90 169
79 170 90 170
79 177 90 177
79 236 90 236
80 42 91 42
80 49 91 49
80 50 91 50
80 51 91 51
80 60 91 60
80 92 91 92
80 105 91 105
80 131 91 131
80 154 91 154
80 182 85 183
80 184 91 184
80 186 91 186
80 187 91 187
80 216 91 216
81 18 92 18
81 30 92 30
81 67 92 67
81 77 86 78
81 143 92 143
81 153 92 153
81 194 92 194
81 202 92 202
81 231 92 231
81 238 92 238
82 22 93 22
82 35 93 35
82 36 93 36
82 62 93 62
82 73 93 73
82 150 93 150
82 151 93 151
82 200 93 200
82 217 93 217
82 226 93 226
82 227 93 227
82 232 93 232
82 233 93 233
82 240 93 240
82 241 93 241
82 242 93 242
82 245 93 245
82 246 87 247
83 12 94 12
83 14 86 16
83 55 88 56
83 195 94 195
83 243 94 243
84 1 95 1
84 28 95 28
84 45 95 45
84 47 95 47
84 48 95 48
84 52 95 52
84 69 95 69
84 72 95 72
84 81 95 81
84 86 95 86
84 87 95 87
84 91 95 91
84 94 95 94
84 95 95 95
84 96 95 96
84 97 95 97
84 98 95 98
84 107 95 107
84 111 95 111
84 113 95 113
84 114 95 114
84 120 89 121
84 132 95 132
84 133 95 133
84 134 95 134
84 135 95 135
84 136 95 136
84 144 95 144
84 145 95 145
84 152 95 152
84 156 95 156
84 157 95 157
84 161 95 161
84 162 95 162
84 164 95 164
84 165 95 165
84 171 95 171
84 172 95 172
84 176 95 176
84 185 95 185
84 188 95 188
84 196 87 198
84 203 95 203
84 210 95 210
84 224 95 224
84 229 95 229
84 244 95 244
85 3 90 4
85 5 96 5
85 13 96 13
85 23 96 23
85 24 96 24
85 70 96 70
85 71 96 71
85 99 96 99
85 139 96 139
85 189 96 189
85 190 96 190
85 225 96 225
86 26 97 26
86 27 97 27
86 33 97 33
86 34 97 34
86 40 97 40
86 79 91 80
86 82 97 82
86 88 97 88
86 102 97 102
86 116 97 116
86 182 97 182
86 183 97 183
86 191 97 191
86 201 97 201
86 211 97 211
86 228 97 228
86 237 97 237
86 249 97 249
87 14 98 14
87 15 98 15
87 16 98 16
87 31 98 31
87 32 98 32
87 57 98 57
87 61 98 61
87 65 98 65
87 66 98 66
87 77 98 77
87 78 98 78
87 103 98 103
87 106 98 106
87 119 98 119
87 128 98 128
87 239 98 239
88 2 99 2
88 29 99 29
88 37 99 37
88 38 93 39
88 41 99 41
88 53 99 53
88 74 99 74
88 75 99 75
88 122 99 122
88 123 99 123
88 124 99 124
88 147 99 147
88 148 99 148
88 149 99 149
88 155 99 155
88 173 99 173
88 174 99 174
88 196 91 198
88 207 99 207
88 212 99 212
88 214 99 214
88 234 99 234
88 246 99 246
88 247 99 247
89 7 100 7
89 8 100 8
89 9 100 9
89 10 100 10
89 11 100 11
89 19 100 19
89 20 100 20
89 55 100 55
89 56 100 56
89 115 100 115
89 213 100 213
90 6 101 6
90 46 101 46
90 54 101 54
90 63 101 63
90 64 101 64
90 68 101 68
90 83 101 83
90 84 101 84
90 85 101 85
90 89 101 89
90 90 101 90
90 93 101 93
90 108 101 108
90 109 101 109
90 112 101 112
90 120 95 121
90 125 101 125
90 126 95 127
90 129 95 130
90 137 101 137
90 138 101 138
90 140 101 140
90 141 101 141
90 158 101 158
90 159 101 159
90 163 101 163
90 166 95 167
90 168 101 168
90 178 101 178
90 179 93 181
90 192 101 192
90 193 101 193
90 199 101 199
90 204 101 204
90 205 101 205
90 206 101 206
90 208 101 208
90 209 101 209
90 218 101 218
90 219 101 219
90 220 93 222
90 230 101 230
90 235 101 235
90 248 101 248
91 3 102 3
91 4 102 4
91 17 102 17
91 25 102 25
91 58 96 59
91 76 102 76
91 100 102 100
91 104 102 104
91 117 102 117
91 118 102 118
91 142 102 142
91 160 102 160
91 169 102 169
91 170 102 170
91 175 102 175
91 177 102 177
91 215 102 215
91 223 102 223
91 236 102 236
92 42 103 42
92 43 103 43
92 49 103 49
92 50 103 50
92 51 103 51
92 60 103 60
92 79 103 79
92 80 103 80
92 92 103 92
92 101 103 101
92 105 103 105
92 131 103 131
92 146 103 146
92 154 103 154
92 186 103 186
92 187 103 187
92 196 103 196
92 197 103 197
92 198 103 198
92 216 103 216
93 30 104 30
93 44 104 44
93 67 104 67
93 143 104 143
93 153 104 153
93 184 104 184
93 194 104 194
93 202 104 202
93 231 104 231
93 238 104 238
94 21 99 22
94 35 105 35
94 36 105 36
94 39 105 39
94 62 105 62
94 73 105 73
94 150 99 151
94 179 105 179
94 180 105 180
94 181 105 181
94 200 105 200
94 220 105 220
94 221 99 222
94 226 105 226
94 227 105 227
94 232 105 232
94 233 105 233
94 240 99 241
94 242 105 242
94 245 105 245
95 12 106 12
95 110 106 110
95 195 106 195
95 243 106 243
96 0 101 1
96 45 107 45
96 47 101 48
96 52 107 52
96 69 107 69
96 72 107 72
96 86 107 86
96 87 107 87
96 91 107 91
96 94 107 94
96 95 107 95
96 96 107 96
96 97 107 97
96 107 107 107
96 111 107 111
96 113 101 114
96 120 101 121
96 126 107 126
96 127 107 127
96 129 107 129
96 130 107 130
96 132 101 133
96 134 107 134
96 135 107 135
96 136 107 136
96 144 107 144
96 145 107 145
96 152 107 152
96 156 101 157
96 161 107 161
96 162 107 162
96 164 107 164
96 165 107 165
96 166 107 166
96 167 107 167
96 171 107 171
96 172 107 172
96 176 107 176
96 185 107 185
96 188 107 188
96 203 107 203
96 224 107 224
96 244 107 244
97 5 108 5
97 13 108 13
97 23 108 23
97 38 108 38
97 58 108 58
97 59 108 59
97 70 108 70
97 71 108 71
97 189 108 189
97 190 108 190
97 225 108 225
98 24 109 24
98 26 109 26
98 27 109 27
98 33 109 33
98 34 109 34
98 81 103 82
98 88 109 88
98 98 103 99
98 102 109 102
98 116 109 116
98 182 109 182
98 183 109 183
98 191 109 191
98 201 109 201
98 210 103 211
98 228 109 228
99 14 110 14
99 15 110 15
99 16 110 16
99 31 110 31
99 32 110 32
99 40 110 40
99 57 110 57
99 65 110 65
99 66 110 66
99 77 110 77
99 78 110 78
99 103 110 103
99 106 110 106
99 119 110 119
99 128 110 128
99 237 110 237
99 239 110 239
100 2 111 2
100 21 105 22
100 28 111 28
100 37 111 37
100 41 111 41
100 53 111 53
100 74 111 74
100 75 111 75
100 122 111 122
100 123 111 123
100 124 111 124
100 147 111 147
100 148 105 149
100 150 111 150
100 151 111 151
100 173 111 173
100 174 111 174
100 207 111 207
100 212 111 212
100 214 111 214
100 222 111 222
100 234 111 234
100 240 111 240
100 241 111 241
100 247 111 247
101 7 112 7
101 8 112 8
101 9 112 9
101 18 104 20
101 55 112 55
101 56 112 56
101 61 112 61
101 115 112 115
101 229 112 229
101 246 112 246
102 0 113 0
102 1 113 1
102 6 113 6
102 46 113 46
102 47 107 48
102 54 113 54
102 63 113 63
102 68 113 68
102 83 113 83
102 84 113 84
102 89 113 89
102 93 113 93
102 108 113 108
102 109 113 109
102 112 113 112
102 113 113 113
102 114 113 114
102 120 113 120
102 121 113 121
102 125 113 125
102 132 113 132
102 137 113 137
102 138 113 138
102 139 107 140
102 141 113 141
102 155 107 156
102 157 113 157
102 158 113 158
102 163 113 163
102 168 113 168
102 192 113 192
102 193 113 193
102 199 113 199
102 204 113 204
102 205 113 205
102 206 113 206
102 208 113 208
102 209 113 209
102 217 113 217
102 218 113 218
102 221 113 221
102 230 113 230
102 235 113 235
102 248 113 248
103 3 114 3
103 4 114 4
103 17 114 17
103 25 114 25
103 64 114 64
103 76 114 76
103 85 114 85
103 100 114 100
103 104 114 104
103 117 114 117
103 133 114 133
103 142 114 142
103 170 114 170
103 177 114 177
103 215 114 215
103 223 114 223
103 236 114 236
104 11 115 11
104 42 115 42
104 43 115 43
104 49 109 50
104 60 115 60
104 79 115 79
104 80 115 80
104 81 115 81
104 82 115 82
104 92 115 92
104 101 115 101
104 105 115 105
104 131 115 131
104 146 115 146
104 154 115 154
104 160 115 160
104 186 115 186
104 187 115 187
104 196 115 196
104 197 115 197
104 198 115 198
104 210 109 211
105 18 116 18
105 19 116 19
105 20 116 20
105 30 116 30
105 44 116 44
105 98 116 98
105 143 116 143
105 153 116 153
105 184 116 184
105 202 116 202
105 219 116 219
105 231 116 231
106 21 117 21
106 22 117 22
106 35 117 35
106 36 117 36
106 39 117 39
106 51 117 51
106 62 117 62
106 67 117 67
106 73 117 73
106 99 117 99
106 149 117 149
106 169 117 169
106 178 109 180
106 181 117 181
106 194 117 194
106 200 117 200
106 220 117 220
106 226 117 226
106 227 117 227
106 232 111 233
106 242 117 242
106 245 117 245
107 10 118 10
107 110 118 110
107 118 118 118
107 195 118 195
107 216 118 216
107 243 118 243
108 45 119 45
108 47 119 47
108 48 119 48
108 52 119 52
108 69 119 69
108 72 119 72
108 86 119 86
108 87 119 87
108 91 119 91
108 94 119 94
108 95 119 95
108 96 119 96
108 97 119 97
108 107 119 107
108 111 119 111
108 126 113 127
108 129 119 129
108 130 119 130
108 134 119 134
108 135 119 135
108 136 119 136
108 139 119 139
108 140 119 140
108 144 119 144
108 152 119 152
108 156 119 156
108 159 119 159
108 161 119 161
108 162 119 162
108 164 113 165
108 166 119 166
108 167 119 167
108 171 119 171
108 172 119 172
108 175 119 175
108 176 119 176
108 185 119 185
108 188 119 188
108 203 119 203
108 213 119 213
108 224 119 224
108 244 119 244
108 249 119 249
109 5 120 5
109 13 120 13
109 23 120 23
109 38 120 38
109 58 120 58
109 59 120 59
109 70 114 71
109 189 120 189
109 190 120 190
109 225 120 225
109 238 120 238
110 24 121 24
110 26 121 26
110 27 121 27
110 29 121 29
110 33 121 33
110 34 121 34
110 49 121 49
110 50 121 50
110 88 121 88
110 102 121 102
110 116 121 116
110 145 121 145
110 148 121 148
110 178 121 178
110 179 121 179
110 180 121 180
110 182 121 182
110 183 121 183
110 191 121 191
110 201 121 201
110 210 121 210
110 211 121 211
110 228 121 228
111 14 122 14
111 15 122 15
111 31 122 31
111 32 122 32
111 40 122 40
111 57 122 57
111 65 122 65
111 66 122 66
111 77 122 77
111 78 122 78
111 103 122 103
111 106 122 106
111 119 122 119
111 128 122 128
111 155 122 155
111 237 122 237
111 239 122 239
112 2 123 2
112 37 123 37
112 53 123 53
112 74 117 75
112 122 123 122
112 123 123 123
112 124 123 124
112 147 123 147
112 150 117 151
112 173 123 173
112 174 123 174
112 207 123 207
112 212 123 212
112 214 123 214
112 222 123 222
112 232 123 232
112 233 123 233
112 240 123 240
112 241 123 241
112 247 123 247
113 7 124 7
113 8 124 8
113 9 124 9
113 16 124 16
113 55 124 55
113 56 124 56
113 61 124 61
113 115 124 115
113 229 124 229
113 234 124 234
113 246 124 246
114 0 125 0
114 6 125 6
114 28 125 28
114 41 125 41
114 46 125 46
114 63 125 63
114 68 125 68
114 83 125 83
114 84 125 84
114 89 125 89
114 93 125 93
114 108 125 108
114 109 125 109
114 112 125 112
114 113 125 113
114 114 125 114
114 120 125 120
114 125 125 125
114 126 125 126
114 127 125 127
114 132 125 132
114 137 125 137
114 138 125 138
114 141 125 141
114 157 125 157
114 158 125 158
114 163 125 163
114 164 125 164
114 165 125 165
114 168 125 168
114 192 125 192
114 193 125 193
114 199 125 199
114 204 125 204
114 205 125 205
114 206 125 206
114 208 125 208
114 209 125 209
114 217 125 217
114 218 125 218
114 221 125 221
114 230 125 230
114 235 125 235
114 248 125 248
115 3 126 3
115 25 126 25
115 71 126 71
115 76 126 76
115 85 126 85
115 100 126 100
115 104 126 104
115 117 126 117
115 133 126 133
115 142 126 142
115 170 126 170
115 223 126 223
115 236 126 236
116 4 127 4
116 11 127 11
116 17 127 17
116 42 127 42
116 43 127 43
116 64 127 64
116 79 119 81
116 92 127 92
116 101 127 101
116 105 127 105
116 131 127 131
116 146 127 146
116 154 127 154
116 160 127 160
116 177 127 177
116 186 127 186
116 187 127 187
116 196 127 196
116 197 127 197
116 198 127 198
116 215 127 215
117 18 128 18
117 19 128 19
117 20 128 20
117 30 128 30
117 44 128 44
117 60 128 60
117 82 128 82
117 98 128 98
117 143 128 143
117 153 128 153
117 219 128 219
117 231 128 231
118 21 129 21
118 35 129 35
118 36 129 36
118 39 129 39
118 51 129 51
118 54 129 54
118 62 129 62
118 67 129 67
118 73 123 74
118 75 129 75
118 99 129 99
118 149 129 149
118 150 129 150
118 151 129 151
118 181 129 181
118 194 129 194
118 200 129 200
118 220 129 220
118 226 129 226
118 227 129 227
118 242 129 242
118 245 129 245
119 1 130 1
119 10 130 10
119 110 130 110
119 118 130 118
119 195 130 195
119 202 130 202
119 216 130 216
119 243 130 243
120 45 131 45
120 47 131 47
120 48 131 48
120 52 131 52
120 69 131 69
120 72 131 72
120 79 131 79
120 80 131 80
120 81 131 81
120 86 131 86
120 87 131 87
120 90 125 91
120 94 131 94
120 95 131 95
120 96 131 96
120 97 131 97
120 107 131 107
120 111 131 111
120 129 131 129
120 130 131 130
120 134 131 134
120 135 131 135
120 136 131 136
120 139 131 139
120 140 131 140
120 144 131 144
120 152 131 152
120 156 131 156
120 159 131 159
120 161 131 161
120 162 131 162
120 167 131 167
120 171 131 171
120 175 131 175
120 176 131 176
120 184 125 185
120 188 131 188
120 203 131 203
120 213 131 213
120 224 131 224
120 244 131 244
120 249 131 249
121 5 132 5
121 12 126 13
121 38 132 38
121 58 132 58
121 59 132 59
121 121 132 121
121 189 132 189
121 225 132 225
121 238 132 238
122 23 127 24
122 26 133 26
122 27 133 27
122 29 133 29
122 33 127 34
122 49 133 49
122 50 133 50
122 70 133 70
122 88 133 88
122 102 133 102
122 116 133 116
122 145 133 145
122 148 133 148
122 178 133 178
122 179 133 179
122 180 133 180
122 182 133 182
122 183 133 183
122 190 127 191
122 201 133 201
122 210 133 210
122 211 133 211
122 228 133 228
123 14 134 14
123 31 134 31
123 32 134 32
123 40 134 40
123 57 134 57
123 65 134 65
123 66 134 66
123 78 134 78
123 103 134 103
123 106 134 106
123 119 134 119
123 155 134 155
123 172 134 172
123 237 134 237
123 239 134 239
124 2 135 2
124 22 135 22
124 37 135 37
124 53 135 53
124 73 135 73
124 74 135 74
124 122 135 122
124 124 135 124
124 128 135 128
124 147 135 147
124 169 135 169
124 173 135 173
124 207 135 207
124 212 135 212
124 214 135 214
124 232 135 232
124 233 135 233
124 240 135 240
124 241 135 241
124 247 135 247
125 7 136 7
125 8 130 9
125 15 136 15
125 16 136 16
125 55 136 55
125 56 136 56
125 61 136 61
125 115 136 115
125 166 136 166
125 174 136 174
125 234 136 234
126 0 137 0
126 28 137 28
126 41 137 41
126 46 137 46
126 63 137 63
126 83 137 83
126 84 137 84
126 89 137 89
126 90 137 90
126 91 137 91
126 93 137 93
126 108 137 108
126 109 137 109
126 112 137 112
126 113 137 113
126 114 137 114
126 120 137 120
126 125 137 125
126 126 137 126
126 127 137 127
126 132 137 132
126 137 137 137
126 138 137 138
126 141 137 141
126 157 137 157
126 158 137 158
126 163 131 164
126 165 137 165
126 168 137 168
126 184 131 185
126 192 137 192
126 193 137 193
126 199 137 199
126 204 137 204
126 205 137 205
126 206 137 206
126 208 137 208
126 209 137 209
126 217 137 217
126 218 137 218
126 221 137 221
126 230 137 230
126 235 137 235
126 246 137 246
126 248 137 248
127 3 138 3
127 13 138 13
127 25 138 25
127 71 138 71
127 76 138 76
127 85 138 85
127 100 138 100
127 104 138 104
127 117 138 117
127 133 138 133
127 142 138 142
127 170 138 170
127 222 132 223
127 229 138 229
127 236 138 236
128 4 139 4
128 11 139 11
128 23 139 23
128 34 139 34
128 42 139 42
128 43 139 43
128 64 139 64
128 92 139 92
128 101 139 101
128 105 139 105
128 131 139 131
128 146 139 146
128 154 139 154
128 177 139 177
128 186 139 186
128 187 139 187
128 190 139 190
128 191 139 191
128 196 139 196
128 197 139 197
128 198 139 198
128 215 139 215
129 17 134 18
129 19 140 19
129 20 140 20
129 44 140 44
129 60 140 60
129 82 140 82
129 98 140 98
129 143 140 143
129 153 140 153
129 160 140 160
129 219 140 219
130 6 141 6
130 21 141 21
130 35 141 35
130 36 141 36
130 39 141 39
130 51 141 51
130 54 141 54
130 62 141 62
130 67 141 67
130 68 141 68
130 75 141 75
130 99 141 99
130 149 141 149
130 150 141 150
130 181 141 181
130 194 141 194
130 200 141 200
130 220 141 220
130 226 141 226
130 227 141 227
130 231 141 231
130 245 141 245
131 1 142 1
131 8 142 8
131 9 142 9
131 10 142 10
131 24 142 24
131 30 142 30
131 118 142 118
131 195 142 195
131 202 142 202
131 216 142 216
131 242 142 242
131 243 142 243
132 45 143 45
132 47 137 48
132 69 143 69
132 72 143 72
132 79 143 79
132 80 143 80
132 86 143 86
132 87 143 87
132 94 143 94
132 95 143 95
132 96 137 97
132 107 143 107
132 129 143 129
132 130 143 130
132 134 137 135
132 136 143 136
132 139 143 139
132 140 143 140
132 144 143 144
132 151 143 151
132 152 143 152
132 159 143 159
132 161 143 161
132 162 143 162
132 163 143 163
132 164 143 164
132 167 143 167
132 171 143 171
132 175 143 175
132 176 143 176
132 184 143 184
132 185 143 185
132 188 143 188
132 203 143 203
132 213 143 213
132 224 143 224
132 244 143 244
132 249 143 249
133 5 144 5
133 12 144 12
133 38 144 38
133 52 144 52
133 58 144 58
133 59 144 59
133 121 144 121
133 123 144 123
133 189 144 189
133 225 144 225
133 238 144 238
134 26 145 26
134 27 145 27
134 29 145 29
134 49 145 49
134 50 145 50
134 70 145 70
134 77 145 77
134 88 145 88
134 102 145 102
134 110 139 111
134 116 145 116
134 148 145 148
134 178 145 178
134 179 145 179
134 180 145 180
134 182 145 182
134 183 145 183
134 201 145 201
134 210 145 210
134 211 145 211
134 222 145 222
134 228 145 228
135 14 146 14
135 17 146 17
135 18 146 18
135 31 146 31
135 40 146 40
135 57 146 57
135 65 146 65
135 66 146 66
135 78 146 78
135 103 146 103
135 106 146 106
135 155 146 155
135 172 146 172
135 239 146 239
136 2 147 2
136 22 147 22
136 37 147 37
136 53 147 53
136 73 147 73
136 74 147 74
136 119 147 119
136 122 147 122
136 124 147 124
136 128 147 128
136 147 147 147
136 173 147 173
136 212 147 212
136 214 147 214
136 232 147 232
136 233 147 233
136 240 147 240
136 241 147 241
136 247 147 247
137 7 148 7
137 15 148 15
137 16 148 16
137 55 148 55
137 56 148 56
137 61 148 61
137 115 148 115
137 166 148 166
137 223 148 223
137 234 148 234
138 0 149 0
138 32 149 32
138 41 149 41
138 46 149 46
138 47 149 47
138 48 149 48
138 63 149 63
138 83 149 83
138 84 149 84
138 89 149 89
138 90 149 90
138 93 149 93
138 96 149 96
138 97 149 97
138 108 143 109
138 112 149 112
138 113 149 113
138 114 149 114
138 120 149 120
138 125 149 125
138 126 143 127
138 132 149 132
138 134 149 134
138 135 149 135
138 137 149 137
138 138 149 138
138 141 149 141
138 157 143 158
138 165 149 165
138 168 149 168
138 192 149 192
138 193 149 193
138 199 149 199
138 204 149 204
138 205 149 205
138 206 149 206
138 207 143 208
138 209 149 209
138 217 149 217
138 218 149 218
138 221 149 221
138 230 149 230
138 237 149 237
138 246 149 246
138 248 149 248
139 3 150 3
139 13 150 13
139 25 150 25
139 85 150 85
139 100 150 100
139 104 150 104
139 117 150 117
139 133 150 133
139 142 150 142
139 145 150 145
139 169 144 170
139 229 150 229
139 235 150 235
139 236 150 236
140 4 151 4
140 11 151 11
140 23 151 23
140 33 145 34
140 42 151 42
140 43 151 43
140 64 151 64
140 92 151 92
140 101 151 101
140 105 151 105
140 131 151 131
140 146 151 146
140 154 151 154
140 177 151 177
140 186 151 186
140 187 151 187
140 190 151 190
140 191 151 191
140 196 151 196
140 197 145 198
140 215 151 215
141 19 146 20
141 44 152 44
141 60 152 60
141 76 152 76
141 82 152 82
141 111 152 111
141 143 152 143
141 153 152 153
141 160 152 160
141 219 152 219
142 6 153 6
142 21 153 21
142 36 153 36
142 39 153 39
142 51 153 51
142 54 153 54
142 62 153 62
142 67 153 67
142 68 153 68
142 75 153 75
142 81 153 81
142 91 153 91
142 98 153 98
142 99 153 99
142 149 147 150
142 174 153 174
142 194 153 194
142 200 153 200
142 220 153 220
142 226 153 226
142 227 153 227
143 1 154 1
143 8 148 9
143 10 154 10
143 24 154 24
143 28 154 28
143 30 154 30
143 118 154 118
143 195 154 195
143 202 154 202
143 216 154 216
143 242 148 243
144 45 155 45
144 71 149 72
144 79 155 79
144 80 155 80
144 86 155 86
144 87 155 87
144 94 155 94
144 95 155 95
144 107 155 107
144 108 155 108
144 109 155 109
144 126 155 126
144 127 155 127
144 129 155 129
144 130 155 130
144 136 155 136
144 139 155 139
144 140 155 140
144 144 155 144
144 151 155 151
144 152 155 152
144 157 155 157
144 158 155 158
144 159 155 159
144 161 155 161
144 162 155 162
144 163 155 163
144 164 155 164
144 167 155 167
144 171 155 171
144 175 155 175
144 176 155 176
144 184 155 184
144 185 155 185
144 188 155 188
144 203 155 203
144 207 155 207
144 208 155 208
144 224 155 224
144 245 155 245
144 249 155 249
145 5 156 5
145 12 156 12
145 38 156 38
145 52 156 52
145 58 156 58
145 59 156 59
145 69 156 69
145 121 156 121
145 123 156 123
145 169 156 169
145 189 156 189
145 225 156 225
145 238 156 238
146 26 157 26
146 27 157 27
146 29 157 29
146 33 157 33
146 34 157 34
146 49 151 50
146 70 157 70
146 77 157 77
146 88 157 88
146 102 157 102
146 116 157 116
146 148 157 148
146 178 157 178
146 179 151 180
146 181 151 182
146 183 157 183
146 197 151 198
146 201 157 201
146 210 157 210
146 211 157 211
146 222 157 222
146 228 157 228
147 14 158 14
147 17 158 17
147 19 158 19
147 20 158 20
147 31 158 31
147 35 158 35
147 40 158 40
147 57 158 57
147 65 158 65
147 66 158 66
147 78 158 78
147 103 158 103
147 106 158 106
147 155 158 155
147 172 158 172
148 2 159 2
148 18 159 18
148 22 159 22
148 37 159 37
148 53 159 53
148 73 159 73
148 74 159 74
148 110 159 110
148 119 159 119
148 122 159 122
148 124 159 124
148 128 159 128
148 147 159 147
148 149 159 149
148 150 159 150
148 173 159 173
148 212 159 212
148 214 159 214
148 231 159 231
148 232 159 232
148 233 159 233
148 239 153 240
148 241 159 241
148 247 159 247
149 7 160 7
149 8 160 8
149 9 160 9
149 15 160 15
149 16 160 16
149 55 160 55
149 115 160 115
149 156 160 156
149 166 160 166
149 170 160 170
149 234 160 234
149 242 160 242
149 243 160 243
150 0 161 0
150 32 161 32
150 46 161 46
150 47 161 47
150 63 161 63
150 71 161 71
150 72 161 72
150 83 161 83
150 84 161 84
150 89 161 89
150 90 161 90
150 93 161 93
150 96 155 97
150 112 161 112
150 113 161 113
150 120 161 120
150 125 161 125
150 132 161 132
150 134 161 134
150 137 161 137
150 138 161 138
150 141 161 141
150 165 161 165
150 168 161 168
150 192 161 192
150 193 161 193
150 199 161 199
150 204 161 204
150 205 161 205
150 206 161 206
150 209 161 209
150 217 155 218
150 221 161 221
150 230 161 230
150 237 161 237
150 244 161 244
150 246 161 246
150 248 161 248
151 3 162 3
151 13 162 13
151 25 162 25
151 48 162 48
151 56 162 56
151 61 162 61
151 85 162 85
151 100 162 100
151 104 162 104
151 114 162 114
151 117 162 117
151 133 162 133
151 142 162 142
151 145 162 145
151 213 162 213
151 229 162 229
151 235 162 235
151 236 162 236
152 4 163 4
152 11 163 11
152 23 163 23
152 41 155 43
152 49 163 49
152 50 163 50
152 64 163 64
152 92 163 92
152 101 163 101
152 105 163 105
152 131 163 131
152 135 163 135
152 146 163 146
152 154 163 154
152 177 163 177
152 179 163 179
152 180 163 180
152 181 163 181
152 182 163 182
152 186 157 187
152 190 163 190
152 191 163 191
152 196 163 196
152 197 163 197
152 198 163 198
152 215 163 215
153 44 164 44
153 60 164 60
153 76 164 76
153 82 164 82
153 111 164 111
153 143 164 143
153 153 164 153
153 160 164 160
153 219 164 219
154 6 165 6
154 21 165 21
154 36 165 36
154 39 165 39
154 51 165 51
154 54 165 54
154 62 165 62
154 67 165 67
154 68 165 68
154 75 165 75
154 81 165 81
154 91 165 91
154 98 165 98
154 99 165 99
154 174 165 174
154 194 165 194
154 200 165 200
154 220 165 220
154 223 165 223
154 226 165 226
154 227 165 227
154 240 165 240
155 1 166 1
155 10 166 10
155 24 166 24
155 30 166 30
155 195 166 195
155 202 166 202
155 216 166 216
156 41 167 41
156 42 161 43
156 45 167 45
156 79 167 79
156 80 167 80
156 86 167 86
156 87 167 87
156 94 167 94
156 95 167 95
156 96 167 96
156 97 167 97
156 107 167 107
156 108 167 108
156 109 167 109
156 126 167 126
156 127 167 127
156 129 167 129
156 130 167 130
156 136 167 136
156 139 167 139
156 140 167 140
156 144 167 144
156 151 167 151
156 152 167 152
156 157 167 157
156 159 167 159
156 161 167 161
156 162 167 162
156 163 167 163
156 167 167 167
156 171 167 171
156 175 167 175
156 176 167 176
156 185 167 185
156 188 167 188
156 203 167 203
156 207 167 207
156 208 167 208
156 217 167 217
156 218 167 218
156 224 167 224
156 245 167 245
156 249 167 249
157 5 168 5
157 12 168 12
157 38 168 38
157 52 168 52
157 58 168 58
157 59 168 59
157 69 168 69
157 118 168 118
157 121 168 121
157 158 168 158
157 169 168 169
157 189 168 189
157 225 168 225
157 238 168 238
158 26 169 26
158 27 169 27
158 28 163 29
158 33 163 34
158 77 169 77
158 88 169 88
158 102 169 102
158 116 169 116
158 148 169 148
158 178 169 178
158 183 169 183
158 187 169 187
158 210 169 210
158 211 169 211
158 222 169 222
158 228 169 228
159 14 170 14
159 17 170 17
159 19 170 19
159 31 170 31
159 35 170 35
159 40 170 40
159 57 170 57
159 65 170 65
159 66 170 66
159 103 170 103
159 106 170 106
159 155 170 155
159 164 170 164
159 172 170 172
159 184 170 184
159 186 170 186
159 239 170 239
160 2 171 2
160 22 171 22
160 37 171 37
160 53 171 53
160 73 171 73
160 74 171 74
160 110 171 110
160 119 171 119
160 122 165 123
160 128 171 128
160 147 171 147
160 149 165 150
160 214 171 214
160 231 171 231
160 232 171 232
160 233 171 233
160 241 171 241
160 247 171 247
161 7 172 7
161 8 172 8
161 9 172 9
161 15 172 15
161 16 172 16
161 18 172 18
161 55 172 55
161 78 172 78
161 115 172 115
161 156 172 156
161 166 172 166
161 170 172 170
161 234 172 234
161 242 172 242
161 243 172 243
162 42 173 42
162 46 173 46
162 47 173 47
162 63 173 63
162 70 173 70
162 71 173 71
162 72 173 72
162 83 173 83
162 84 173 84
162 89 173 89
162 90 173 90
162 93 173 93
162 112 173 112
162 113 173 113
162 120 173 120
162 125 173 125
162 132 173 132
162 134 173 134
162 137 173 137
162 138 173 138
162 165 173 165
162 168 173 168
162 192 167 193
162 199 173 199
162 204 173 204
162 205 173 205
162 206 173 206
162 221 173 221
162 230 173 230
162 237 173 237
162 244 173 244
162 246 173 246
162 248 173 248
163 0 174 0
163 3 174 3
163 13 174 13
163 25 174 25
163 43 174 43
163 48 174 48
163 56 174 56
163 61 174 61
163 85 174 85
163 100 174 100
163 104 174 104
163 114 174 114
163 141 174 141
163 142 174 142
163 145 174 145
163 209 174 209
163 213 174 213
163 229 174 229
163 235 174 235
163 236 174 236
164 4 175 4
164 28 175 28
164 29 175 29
164 33 169 34
164 49 175 49
164 50 175 50
164 64 175 64
164 92 175 92
164 101 175 101
164 105 175 105
164 131 175 131
164 135 175 135
164 146 175 146
164 177 175 177
164 179 175 179
164 180 175 180
164 181 175 181
164 182 175 182
164 190 175 190
164 191 175 191
164 196 169 197
164 215 175 215
165 11 176 11
165 44 176 44
165 60 176 60
165 76 176 76
165 82 176 82
165 111 176 111
165 143 176 143
165 153 176 153
165 173 176 173
165 198 176 198
165 201 176 201
165 219 176 219
166 6 177 6
166 20 171 21
166 23 177 23
166 36 177 36
166 39 177 39
166 51 177 51
166 54 177 54
166 62 177 62
166 67 171 68
166 81 177 81
166 91 177 91
166 98 177 98
166 99 177 99
166 122 171 123
166 149 177 149
166 150 177 150
166 174 177 174
166 194 177 194
166 200 177 200
166 212 177 212
166 220 177 220
166 223 177 223
166 226 177 226
166 240 177 240
167 1 178 1
167 10 178 10
167 24 178 24
167 30 178 30
167 75 178 75
167 195 178 195
167 202 178 202
167 216 178 216
167 227 178 227
168 32 179 32
168 45 179 45
168 79 179 79
168 80 179 80
168 86 179 86
168 87 179 87
168 94 179 94
168 95 179 95
168 96 179 96
168 97 179 97
168 107 179 107
168 108 179 108
168 126 179 126
168 127 179 127
168 129 173 130
168 133 179 133
168 136 179 136
168 139 179 139
168 151 179 151
168 152 179 152
168 157 179 157
168 159 179 159
168 160 173 161
168 162 179 162
168 163 179 163
168 167 179 167
168 171 179 171
168 175 179 175
168 176 179 176
168 185 179 185
168 188 179 188
168 192 173 193
168 203 179 203
168 207 179 207
168 217 179 217
168 218 179 218
168 224 179 224
168 249 179 249
169 5 180 5
169 12 180 12
169 38 180 38
169 41 180 41
169 52 180 52
169 58 180 58
169 59 180 59
169 69 180 69
169 117 180 117
169 118 180 118
169 121 180 121
169 144 180 144
169 158 180 158
169 189 180 189
169 225 180 225
169 238 180 238
170 27 181 27
170 34 181 34
170 77 181 77
170 88 181 88
170 102 181 102
170 116 181 116
170 124 181 124
170 148 181 148
170 169 181 169
170 178 181 178
170 183 181 183
170 187 181 187
170 196 181 196
170 211 181 211
170 222 181 222
170 228 181 228
171 14 182 14
171 19 182 19
171 31 182 31
171 35 182 35
171 40 182 40
171 57 182 57
171 65 182 65
171 66 182 66
171 106 182 106
171 154 176 155
171 164 182 164
171 172 182 172
171 184 182 184
171 186 182 186
171 208 182 208
171 239 182 239
171 245 182 245
172 2 183 2
172 20 183 20
172 21 183 21
172 26 183 26
172 53 183 53
172 68 183 68
172 73 183 73
172 74 183 74
172 109 183 109
172 119 183 119
172 122 183 122
172 123 183 123
172 128 183 128
172 147 183 147
172 214 183 214
172 231 183 231
172 232 183 232
172 233 183 233
172 247 183 247
173 7 184 7
173 8 184 8
173 9 184 9
173 15 184 15
173 16 184 16
173 17 178 18
173 55 184 55
173 103 184 103
173 110 184 110
173 115 184 115
173 156 184 156
173 166 184 166
173 234 184 234
173 241 178 242
173 243 184 243
174 33 185 33
174 42 185 42
174 46 185 46
174 47 185 47
174 63 185 63
174 70 185 70
174 71 185 71
174 78 185 78
174 83 185 83
174 89 185 89
174 90 185 90
174 93 185 93
174 112 185 112
174 113 185 113
174 120 185 120
174 125 185 125
174 129 185 129
174 130 185 130
174 134 185 134
174 138 185 138
174 160 185 160
174 165 185 165
174 168 185 168
174 192 185 192
174 193 185 193
174 199 185 199
174 204 185 204
174 205 185 205
174 206 185 206
174 221 185 221
174 230 185 230
174 237 185 237
174 246 185 246
174 248 185 248
175 3 186 3
175 13 186 13
175 43 186 43
175 56 186 56
175 61 186 61
175 84 180 85
175 100 186 100
175 104 186 104
175 114 186 114
175 141 186 141
175 142 186 142
175 145 186 145
175 209 186 209
175 210 186 210
175 213 186 213
175 229 186 229
175 235 186 235
175 236 186 236
176 0 187 0
176 4 187 4
176 28 181 29
176 48 187 48
176 50 187 50
176 64 187 64
176 92 187 92
176 101 187 101
176 105 187 105
176 131 187 131
176 135 187 135
176 137 187 137
176 146 187 146
176 177 187 177
176 179 187 179
176 180 187 180
176 181 187 181
176 182 187 182
176 190 187 190
176 191 187 191
176 215 187 215
177 11 188 11
177 44 188 44
177 49 188 49
177 72 188 72
177 76 188 76
177 82 188 82
177 111 188 111
177 143 188 143
177 154 188 154
177 173 188 173
177 197 182 198
177 201 188 201
177 219 188 219
178 6 189 6
178 23 189 23
178 36 189 36
178 37 189 37
178 39 189 39
178 54 189 54
178 60 189 60
178 62 189 62
178 81 189 81
178 91 189 91
178 98 189 98
178 99 189 99
178 149 189 149
178 150 189 150
178 153 189 153
178 174 189 174
178 194 189 194
178 200 189 200
178 212 189 212
178 220 189 220
178 223 189 223
178 240 189 240
179 10 190 10
179 17 184 18
179 22 190 22
179 24 184 25
179 30 190 30
179 75 190 75
179 195 190 195
179 202 190 202
179 216 190 216
179 227 190 227
179 241 190 241
180 32 191 32
180 45 191 45
180 67 191 67
180 79 191 79
180 80 191 80
180 86 191 86
180 87 191 87
180 94 191 94
180 95 183 97
180 107 185 108
180 126 191 126
180 127 191 127
180 136 191 136
180 139 191 139
180 151 191 151
180 152 191 152
180 155 191 155
180 157 191 157
180 159 191 159
180 161 191 161
180 162 191 162
180 163 191 163
180 167 191 167
180 170 191 170
180 171 191 171
180 176 191 176
180 185 191 185
180 188 191 188
180 203 191 203
180 207 191 207
180 217 191 217
180 224 191 224
180 242 191 242
180 249 191 249
181 5 192 5
181 12 192 12
181 38 192 38
181 41 192 41
181 51 192 51
181 58 192 58
181 69 192 69
181 84 192 84
181 85 192 85
181 117 192 117
181 121 192 121
181 140 192 140
181 189 192 189
181 218 192 218
181 238 192 238
181 244 192 244
182 27 193 27
182 28 187 29
182 34 193 34
182 77 193 77
182 88 193 88
182 102 193 102
182 116 193 116
182 124 193 124
182 144 193 144
182 158 193 158
182 169 193 169
182 175 193 175
182 183 193 183
182 187 193 187
182 196 193 196
182 211 193 211
182 222 193 222
183 14 194 14
183 19 194 19
183 31 194 31
183 35 194 35
183 40 194 40
183 57 194 57
183 66 194 66
183 106 194 106
183 118 194 118
183 132 194 132
183 148 194 148
183 164 194 164
183 172 194 172
183 184 194 184
183 186 194 186
183 197 194 197
183 198 194 198
183 208 194 208
183 239 194 239
183 245 194 245
184 20 195 20
184 21 195 21
184 52 195 52
184 53 195 53
184 59 195 59
184 73 195 73
184 95 195 95
184 96 195 96
184 97 195 97
184 109 195 109
184 119 195 119
184 122 195 122
184 123 195 123
184 128 195 128
184 133 195 133
184 147 195 147
184 214 195 214
184 231 195 231
184 232 195 232
184 233 195 233
184 247 195 247
185 7 196 7
185 8 196 8
185 9 196 9
185 15 196 15
185 16 196 16
185 17 196 17
185 25 196 25
185 55 196 55
185 103 196 103
185 115 196 115
185 156 196 156
185 178 196 178
185 225 196 225
185 226 196 226
185 234 196 234
186 33 197 33
186 42 197 42
186 46 197 46
186 47 197 47
186 63 197 63
186 70 197 70
186 71 197 71
186 78 197 78
186 83 197 83
186 89 197 89
186 90 197 90
186 93 197 93
186 107 197 107
186 108 197 108
186 110 197 110
186 112 197 112
186 113 197 113
186 120 197 120
186 125 197 125
186 129 197 129
186 130 197 130
186 134 197 134
186 138 197 138
186 165 197 165
186 168 197 168
186 192 197 192
186 193 197 193
186 204 197 204
186 205 197 205
186 206 197 206
186 221 197 221
186 230 197 230
186 237 197 237
186 246 197 246
186 248 197 248
187 3 198 3
187 13 198 13
187 26 198 26
187 43 198 43
187 56 198 56
187 61 198 61
187 114 198 114
187 141 192 142
187 145 198 145
187 209 198 209
187 210 198 210
187 213 198 213
187 228 198 228
187 235 198 235
187 236 198 236
188 0 199 0
188 2 199 2
188 4 199 4
188 28 199 28
188 29 199 29
188 48 199 48
188 50 199 50
188 64 199 64
188 92 199 92
188 100 193 101
188 105 199 105
188 131 199 131
188 135 199 135
188 137 199 137
188 146 199 146
188 177 199 177
188 179 199 179
188 180 199 180
188 181 199 181
188 182 199 182
188 215 199 215
189 11 199 11
189 44 199 44
189 49 199 49
189 72 199 72
189 76 199 76
189 82 199 82
189 143 199 143
189 154 199 154
189 173 199 173
189 201 199 201
189 219 199 219
190 23 195 24
190 37 199 37
190 39 199 39
190 54 199 54
190 60 199 60
190 62 199 62
190 81 199 81
190 91 199 91
190 98 195 99
190 149 195 150
190 153 199 153
190 174 199 174
190 199 195 200
190 220 199 220
190 223 199 223
190 240 199 240
191 10 199 10
191 22 199 22
191 75 199 75
191 190 196 191
191 194 196 195
191 202 199 202
191 216 199 216
191 241 199 241
192 32 199 32
192 67 197 68
192 79 199 79
192 86 197 87
192 151 197 152
192 159 194 162
192 163 199 163
192 170 197 171
192 207 199 207
192 217 199 217
192 224 199 224
192 242 197 243
193 5 198 6
193 139 198 140
193 141 198 142
193 188 198 189
194 84 199 85
194 100 199 101
194 157 199 158
194 175 199 176
194 211 199 212
195 30 199 31
195 34 198 36
195 57 199 58
195 65 199 66
195 159 198 161
195 183 198 185
195 196 198 198
195 238 199 239
195 244 199 245
196 23 199 24
196 94 197 99
196 117 199 119
196 121 199 123
196 126 199 128
196 147 199 149
196 231 199 233
197 7 199 9
197 14 199 17
197 102 199 104
197 225 199 227
198 67 199 71
198 106 199 111
198 164 199 169
198 203 199 206
199 186 199 197
